Start testing: Oct 10 22:09 IST
----------------------------------------------------------
1/23 Testing: wrapping_integers_cmp
1/23 Test: wrapping_integers_cmp
Command: "/home/raj/Downloads/assignment2/build/tests/wrapping_integers_cmp"
Directory: /home/raj/Downloads/assignment2/build/tests
"wrapping_integers_cmp" start time: Oct 10 22:09 IST
Output:
----------------------------------------------------------
<end of output>
Test time =   0.00 sec
----------------------------------------------------------
Test Passed.
"wrapping_integers_cmp" end time: Oct 10 22:09 IST
"wrapping_integers_cmp" time elapsed: 00:00:00
----------------------------------------------------------

2/23 Testing: wrapping_integers_unwrap
2/23 Test: wrapping_integers_unwrap
Command: "/home/raj/Downloads/assignment2/build/tests/wrapping_integers_unwrap"
Directory: /home/raj/Downloads/assignment2/build/tests
"wrapping_integers_unwrap" start time: Oct 10 22:09 IST
Output:
----------------------------------------------------------
<end of output>
Test time =   0.00 sec
----------------------------------------------------------
Test Passed.
"wrapping_integers_unwrap" end time: Oct 10 22:09 IST
"wrapping_integers_unwrap" time elapsed: 00:00:00
----------------------------------------------------------

3/23 Testing: wrapping_integers_wrap
3/23 Test: wrapping_integers_wrap
Command: "/home/raj/Downloads/assignment2/build/tests/wrapping_integers_wrap"
Directory: /home/raj/Downloads/assignment2/build/tests
"wrapping_integers_wrap" start time: Oct 10 22:09 IST
Output:
----------------------------------------------------------
<end of output>
Test time =   0.00 sec
----------------------------------------------------------
Test Passed.
"wrapping_integers_wrap" end time: Oct 10 22:09 IST
"wrapping_integers_wrap" time elapsed: 00:00:00
----------------------------------------------------------

4/23 Testing: wrapping_integers_roundtrip
4/23 Test: wrapping_integers_roundtrip
Command: "/home/raj/Downloads/assignment2/build/tests/wrapping_integers_roundtrip"
Directory: /home/raj/Downloads/assignment2/build/tests
"wrapping_integers_roundtrip" start time: Oct 10 22:09 IST
Output:
----------------------------------------------------------
<end of output>
Test time =   0.20 sec
----------------------------------------------------------
Test Passed.
"wrapping_integers_roundtrip" end time: Oct 10 22:09 IST
"wrapping_integers_roundtrip" time elapsed: 00:00:00
----------------------------------------------------------

5/23 Testing: byte_stream_construction
5/23 Test: byte_stream_construction
Command: "/home/raj/Downloads/assignment2/build/tests/byte_stream_construction"
Directory: /home/raj/Downloads/assignment2/build/tests
"byte_stream_construction" start time: Oct 10 22:09 IST
Output:
----------------------------------------------------------
<end of output>
Test time =   0.00 sec
----------------------------------------------------------
Test Passed.
"byte_stream_construction" end time: Oct 10 22:09 IST
"byte_stream_construction" time elapsed: 00:00:00
----------------------------------------------------------

6/23 Testing: byte_stream_one_write
6/23 Test: byte_stream_one_write
Command: "/home/raj/Downloads/assignment2/build/tests/byte_stream_one_write"
Directory: /home/raj/Downloads/assignment2/build/tests
"byte_stream_one_write" start time: Oct 10 22:09 IST
Output:
----------------------------------------------------------
<end of output>
Test time =   0.00 sec
----------------------------------------------------------
Test Passed.
"byte_stream_one_write" end time: Oct 10 22:09 IST
"byte_stream_one_write" time elapsed: 00:00:00
----------------------------------------------------------

7/23 Testing: byte_stream_two_writes
7/23 Test: byte_stream_two_writes
Command: "/home/raj/Downloads/assignment2/build/tests/byte_stream_two_writes"
Directory: /home/raj/Downloads/assignment2/build/tests
"byte_stream_two_writes" start time: Oct 10 22:09 IST
Output:
----------------------------------------------------------
<end of output>
Test time =   0.00 sec
----------------------------------------------------------
Test Passed.
"byte_stream_two_writes" end time: Oct 10 22:09 IST
"byte_stream_two_writes" time elapsed: 00:00:00
----------------------------------------------------------

8/23 Testing: byte_stream_capacity
8/23 Test: byte_stream_capacity
Command: "/home/raj/Downloads/assignment2/build/tests/byte_stream_capacity"
Directory: /home/raj/Downloads/assignment2/build/tests
"byte_stream_capacity" start time: Oct 10 22:09 IST
Output:
----------------------------------------------------------
<end of output>
Test time =   0.38 sec
----------------------------------------------------------
Test Passed.
"byte_stream_capacity" end time: Oct 10 22:09 IST
"byte_stream_capacity" time elapsed: 00:00:00
----------------------------------------------------------

9/23 Testing: byte_stream_many_writes
9/23 Test: byte_stream_many_writes
Command: "/home/raj/Downloads/assignment2/build/tests/byte_stream_many_writes"
Directory: /home/raj/Downloads/assignment2/build/tests
"byte_stream_many_writes" start time: Oct 10 22:09 IST
Output:
----------------------------------------------------------
<end of output>
Test time =   0.00 sec
----------------------------------------------------------
Test Passed.
"byte_stream_many_writes" end time: Oct 10 22:09 IST
"byte_stream_many_writes" time elapsed: 00:00:00
----------------------------------------------------------

10/23 Testing: recv_connect
10/23 Test: recv_connect
Command: "/home/raj/Downloads/assignment2/build/tests/recv_connect"
Directory: /home/raj/Downloads/assignment2/build/tests
"recv_connect" start time: Oct 10 22:09 IST
Output:
----------------------------------------------------------
data  :
CHECKPOINT :0
PUSH : :stream_idx :0
************
data  :
CHECKPOINT :0
PUSH : :stream_idx :89347598
************
<end of output>
Test time =   0.00 sec
----------------------------------------------------------
Test Passed.
"recv_connect" end time: Oct 10 22:09 IST
"recv_connect" time elapsed: 00:00:00
----------------------------------------------------------

11/23 Testing: recv_transmit
11/23 Test: recv_transmit
Command: "/home/raj/Downloads/assignment2/build/tests/recv_transmit"
Directory: /home/raj/Downloads/assignment2/build/tests
"recv_transmit" start time: Oct 10 22:09 IST
Output:
----------------------------------------------------------
data  :
CHECKPOINT :0
PUSH : :stream_idx :0
************
data  :abcd
CHECKPOINT :0
PUSH :abcd :stream_idx :0
************
PASSED
data  :
CHECKPOINT :0
PUSH : :stream_idx :384678
************
data  :abcd
CHECKPOINT :0
PUSH :abcd :stream_idx :0
************
data  :efgh
CHECKPOINT :4
PUSH :efgh :stream_idx :4
************
PASS
data  :
CHECKPOINT :0
PUSH : :stream_idx :5
************
data  :abcd
CHECKPOINT :0
PUSH :abcd :stream_idx :0
************
data  :efgh
CHECKPOINT :4
PUSH :efgh :stream_idx :4
************
data  :
CHECKPOINT :0
PUSH : :stream_idx :893472
************
data  :abcdefg
CHECKPOINT :0
PUSH :abcdefg :stream_idx :0
************
data  :bcdefghi
CHECKPOINT :7
PUSH :bcdefghi :stream_idx :7
************
data  :cdef
CHECKPOINT :15
PUSH :cdef :stream_idx :15
************
data  :defghijklm
CHECKPOINT :19
PUSH :defghijklm :stream_idx :19
************
data  :efgh
CHECKPOINT :29
PUSH :efgh :stream_idx :29
************
data  :fghijklmno
CHECKPOINT :33
PUSH :fghijklmno :stream_idx :33
************
data  :ghijklmn
CHECKPOINT :43
PUSH :ghijklmn :stream_idx :43
************
data  :h
CHECKPOINT :51
PUSH :h :stream_idx :51
************
data  :i
CHECKPOINT :52
PUSH :i :stream_idx :52
************
data  :jklmnop
CHECKPOINT :53
PUSH :jklmnop :stream_idx :53
************
data  :klmnopq
CHECKPOINT :60
PUSH :klmnopq :stream_idx :60
************
data  :l
CHECKPOINT :67
PUSH :l :stream_idx :67
************
data  :mnopqrstu
CHECKPOINT :68
PUSH :mnopqrstu :stream_idx :68
************
data  :nopqrstuvw
CHECKPOINT :77
PUSH :nopqrstuvw :stream_idx :77
************
data  :opqr
CHECKPOINT :87
PUSH :opqr :stream_idx :87
************
data  :pqrstu
CHECKPOINT :91
PUSH :pqrstu :stream_idx :91
************
data  :qrst
CHECKPOINT :97
PUSH :qrst :stream_idx :97
************
data  :rstuvwxyza
CHECKPOINT :101
PUSH :rstuvwxyza :stream_idx :101
************
data  :stuvwx
CHECKPOINT :111
PUSH :stuvwx :stream_idx :111
************
data  :t
CHECKPOINT :117
PUSH :t :stream_idx :117
************
data  :uvwxyzab
CHECKPOINT :118
PUSH :uvwxyzab :stream_idx :118
************
data  :vwxy
CHECKPOINT :126
PUSH :vwxy :stream_idx :126
************
data  :wxyzabcd
CHECKPOINT :130
PUSH :wxyzabcd :stream_idx :130
************
data  :xyz
CHECKPOINT :138
PUSH :xyz :stream_idx :138
************
data  :yzabcdef
CHECKPOINT :141
PUSH :yzabcdef :stream_idx :141
************
data  :zabcdefghi
CHECKPOINT :149
PUSH :zabcdefghi :stream_idx :149
************
data  :abcdef
CHECKPOINT :159
PUSH :abcdef :stream_idx :159
************
data  :bcdefgh
CHECKPOINT :165
PUSH :bcdefgh :stream_idx :165
************
data  :cdefgh
CHECKPOINT :172
PUSH :cdefgh :stream_idx :172
************
data  :defghi
CHECKPOINT :178
PUSH :defghi :stream_idx :178
************
data  :efghi
CHECKPOINT :184
PUSH :efghi :stream_idx :184
************
data  :fghijk
CHECKPOINT :189
PUSH :fghijk :stream_idx :189
************
data  :gh
CHECKPOINT :195
PUSH :gh :stream_idx :195
************
data  :hijklm
CHECKPOINT :197
PUSH :hijklm :stream_idx :197
************
data  :ijklmno
CHECKPOINT :203
PUSH :ijklmno :stream_idx :203
************
data  :jkl
CHECKPOINT :210
PUSH :jkl :stream_idx :210
************
data  :klmno
CHECKPOINT :213
PUSH :klmno :stream_idx :213
************
data  :lmnopqrs
CHECKPOINT :218
PUSH :lmnopqrs :stream_idx :218
************
data  :mnop
CHECKPOINT :226
PUSH :mnop :stream_idx :226
************
data  :n
CHECKPOINT :230
PUSH :n :stream_idx :230
************
data  :opqrstuvwx
CHECKPOINT :231
PUSH :opqrstuvwx :stream_idx :231
************
data  :pqrst
CHECKPOINT :241
PUSH :pqrst :stream_idx :241
************
data  :qrstuvwx
CHECKPOINT :246
PUSH :qrstuvwx :stream_idx :246
************
data  :rst
CHECKPOINT :254
PUSH :rst :stream_idx :254
************
data  :stuvwxyza
CHECKPOINT :257
PUSH :stuvwxyza :stream_idx :257
************
data  :tuvwxyzab
CHECKPOINT :266
PUSH :tuvwxyzab :stream_idx :266
************
data  :uvwxyzabcd
CHECKPOINT :275
PUSH :uvwxyzabcd :stream_idx :275
************
data  :v
CHECKPOINT :285
PUSH :v :stream_idx :285
************
data  :wxyzabcde
CHECKPOINT :286
PUSH :wxyzabcde :stream_idx :286
************
data  :xyzabc
CHECKPOINT :295
PUSH :xyzabc :stream_idx :295
************
data  :yzabcdef
CHECKPOINT :301
PUSH :yzabcdef :stream_idx :301
************
data  :zabcdefg
CHECKPOINT :309
PUSH :zabcdefg :stream_idx :309
************
data  :ab
CHECKPOINT :317
PUSH :ab :stream_idx :317
************
data  :bcde
CHECKPOINT :319
PUSH :bcde :stream_idx :319
************
data  :cdefghijk
CHECKPOINT :323
PUSH :cdefghijk :stream_idx :323
************
data  :defghijkl
CHECKPOINT :332
PUSH :defghijkl :stream_idx :332
************
data  :efghijkl
CHECKPOINT :341
PUSH :efghijkl :stream_idx :341
************
data  :fg
CHECKPOINT :349
PUSH :fg :stream_idx :349
************
data  :ghijkl
CHECKPOINT :351
PUSH :ghijkl :stream_idx :351
************
data  :hijk
CHECKPOINT :357
PUSH :hijk :stream_idx :357
************
data  :ijklmnopq
CHECKPOINT :361
PUSH :ijklmnopq :stream_idx :361
************
data  :j
CHECKPOINT :370
PUSH :j :stream_idx :370
************
data  :klmn
CHECKPOINT :371
PUSH :klmn :stream_idx :371
************
data  :lmnopq
CHECKPOINT :375
PUSH :lmnopq :stream_idx :375
************
data  :mnopqrstuv
CHECKPOINT :381
PUSH :mnopqrstuv :stream_idx :381
************
data  :no
CHECKPOINT :391
PUSH :no :stream_idx :391
************
data  :opqrstu
CHECKPOINT :393
PUSH :opqrstu :stream_idx :393
************
data  :pqrstuvw
CHECKPOINT :400
PUSH :pqrstuvw :stream_idx :400
************
data  :qrstuvw
CHECKPOINT :408
PUSH :qrstuvw :stream_idx :408
************
data  :rstu
CHECKPOINT :415
PUSH :rstu :stream_idx :415
************
data  :stuv
CHECKPOINT :419
PUSH :stuv :stream_idx :419
************
data  :tuvwxy
CHECKPOINT :423
PUSH :tuvwxy :stream_idx :423
************
data  :uvwx
CHECKPOINT :429
PUSH :uvwx :stream_idx :429
************
data  :vwxyzabcd
CHECKPOINT :433
PUSH :vwxyzabcd :stream_idx :433
************
data  :wxyzabcde
CHECKPOINT :442
PUSH :wxyzabcde :stream_idx :442
************
data  :xy
CHECKPOINT :451
PUSH :xy :stream_idx :451
************
data  :yz
CHECKPOINT :453
PUSH :yz :stream_idx :453
************
data  :zabcd
CHECKPOINT :455
PUSH :zabcd :stream_idx :455
************
data  :ab
CHECKPOINT :460
PUSH :ab :stream_idx :460
************
data  :bcde
CHECKPOINT :462
PUSH :bcde :stream_idx :462
************
data  :cdef
CHECKPOINT :466
PUSH :cdef :stream_idx :466
************
data  :defghij
CHECKPOINT :470
PUSH :defghij :stream_idx :470
************
data  :efghijkl
CHECKPOINT :477
PUSH :efghijkl :stream_idx :477
************
data  :fghijkl
CHECKPOINT :485
PUSH :fghijkl :stream_idx :485
************
data  :ghij
CHECKPOINT :492
PUSH :ghij :stream_idx :492
************
data  :hijk
CHECKPOINT :496
PUSH :hijk :stream_idx :496
************
data  :ijk
CHECKPOINT :500
PUSH :ijk :stream_idx :500
************
data  :jklmnopq
CHECKPOINT :503
PUSH :jklmnopq :stream_idx :503
************
data  :klmnopqr
CHECKPOINT :511
PUSH :klmnopqr :stream_idx :511
************
data  :lmno
CHECKPOINT :519
PUSH :lmno :stream_idx :519
************
data  :mnopq
CHECKPOINT :523
PUSH :mnopq :stream_idx :523
************
data  :nopqrst
CHECKPOINT :528
PUSH :nopqrst :stream_idx :528
************
data  :opqr
CHECKPOINT :535
PUSH :opqr :stream_idx :535
************
data  :pqrs
CHECKPOINT :539
PUSH :pqrs :stream_idx :539
************
data  :q
CHECKPOINT :543
PUSH :q :stream_idx :543
************
data  :rstuvw
CHECKPOINT :544
PUSH :rstuvw :stream_idx :544
************
data  :st
CHECKPOINT :550
PUSH :st :stream_idx :550
************
data  :tuvw
CHECKPOINT :552
PUSH :tuvw :stream_idx :552
************
data  :uv
CHECKPOINT :556
PUSH :uv :stream_idx :556
************
data  :vwxyzabcd
CHECKPOINT :558
PUSH :vwxyzabcd :stream_idx :558
************
data  :wxyz
CHECKPOINT :567
PUSH :wxyz :stream_idx :567
************
data  :xyzab
CHECKPOINT :571
PUSH :xyzab :stream_idx :571
************
data  :yza
CHECKPOINT :576
PUSH :yza :stream_idx :576
************
data  :zabcd
CHECKPOINT :579
PUSH :zabcd :stream_idx :579
************
data  :abc
CHECKPOINT :584
PUSH :abc :stream_idx :584
************
data  :bcdef
CHECKPOINT :587
PUSH :bcdef :stream_idx :587
************
data  :cde
CHECKPOINT :592
PUSH :cde :stream_idx :592
************
data  :defghij
CHECKPOINT :595
PUSH :defghij :stream_idx :595
************
data  :efghijk
CHECKPOINT :602
PUSH :efghijk :stream_idx :602
************
data  :fghijklm
CHECKPOINT :609
PUSH :fghijklm :stream_idx :609
************
data  :ghijkl
CHECKPOINT :617
PUSH :ghijkl :stream_idx :617
************
data  :hijkl
CHECKPOINT :623
PUSH :hijkl :stream_idx :623
************
data  :ijklmnopq
CHECKPOINT :628
PUSH :ijklmnopq :stream_idx :628
************
data  :jklmn
CHECKPOINT :637
PUSH :jklmn :stream_idx :637
************
data  :k
CHECKPOINT :642
PUSH :k :stream_idx :642
************
data  :lmno
CHECKPOINT :643
PUSH :lmno :stream_idx :643
************
data  :mnopqrst
CHECKPOINT :647
PUSH :mnopqrst :stream_idx :647
************
data  :no
CHECKPOINT :655
PUSH :no :stream_idx :655
************
data  :opqr
CHECKPOINT :657
PUSH :opqr :stream_idx :657
************
data  :p
CHECKPOINT :661
PUSH :p :stream_idx :661
************
data  :qrstuvwxy
CHECKPOINT :662
PUSH :qrstuvwxy :stream_idx :662
************
data  :rst
CHECKPOINT :671
PUSH :rst :stream_idx :671
************
data  :stuvwxyza
CHECKPOINT :674
PUSH :stuvwxyza :stream_idx :674
************
data  :tuvwxyza
CHECKPOINT :683
PUSH :tuvwxyza :stream_idx :683
************
data  :u
CHECKPOINT :691
PUSH :u :stream_idx :691
************
data  :vwxyz
CHECKPOINT :692
PUSH :vwxyz :stream_idx :692
************
data  :wxyzabcdef
CHECKPOINT :697
PUSH :wxyzabcdef :stream_idx :697
************
data  :xyza
CHECKPOINT :707
PUSH :xyza :stream_idx :707
************
data  :yzabcdef
CHECKPOINT :711
PUSH :yzabcdef :stream_idx :711
************
data  :zabcdef
CHECKPOINT :719
PUSH :zabcdef :stream_idx :719
************
data  :abcd
CHECKPOINT :726
PUSH :abcd :stream_idx :726
************
data  :bcd
CHECKPOINT :730
PUSH :bcd :stream_idx :730
************
data  :cd
CHECKPOINT :733
PUSH :cd :stream_idx :733
************
data  :defgh
CHECKPOINT :735
PUSH :defgh :stream_idx :735
************
data  :efghijkl
CHECKPOINT :740
PUSH :efghijkl :stream_idx :740
************
data  :fghijklmno
CHECKPOINT :748
PUSH :fghijklmno :stream_idx :748
************
data  :ghi
CHECKPOINT :758
PUSH :ghi :stream_idx :758
************
data  :hijklmnop
CHECKPOINT :761
PUSH :hijklmnop :stream_idx :761
************
data  :ijk
CHECKPOINT :770
PUSH :ijk :stream_idx :770
************
data  :jk
CHECKPOINT :773
PUSH :jk :stream_idx :773
************
data  :klmnopq
CHECKPOINT :775
PUSH :klmnopq :stream_idx :775
************
data  :lmnopqr
CHECKPOINT :782
PUSH :lmnopqr :stream_idx :782
************
data  :mnopqrst
CHECKPOINT :789
PUSH :mnopqrst :stream_idx :789
************
data  :nop
CHECKPOINT :797
PUSH :nop :stream_idx :797
************
data  :opqr
CHECKPOINT :800
PUSH :opqr :stream_idx :800
************
data  :pqrst
CHECKPOINT :804
PUSH :pqrst :stream_idx :804
************
data  :qrstu
CHECKPOINT :809
PUSH :qrstu :stream_idx :809
************
data  :rstu
CHECKPOINT :814
PUSH :rstu :stream_idx :814
************
data  :stuvwxyzab
CHECKPOINT :818
PUSH :stuvwxyzab :stream_idx :818
************
data  :tuvwxyz
CHECKPOINT :828
PUSH :tuvwxyz :stream_idx :828
************
data  :uvwxyz
CHECKPOINT :835
PUSH :uvwxyz :stream_idx :835
************
data  :vwxyzabcd
CHECKPOINT :841
PUSH :vwxyzabcd :stream_idx :841
************
data  :wxyzabc
CHECKPOINT :850
PUSH :wxyzabc :stream_idx :850
************
data  :xyzabcdefg
CHECKPOINT :857
PUSH :xyzabcdefg :stream_idx :857
************
data  :yzabcd
CHECKPOINT :867
PUSH :yzabcd :stream_idx :867
************
data  :zabcde
CHECKPOINT :873
PUSH :zabcde :stream_idx :873
************
data  :abcdef
CHECKPOINT :879
PUSH :abcdef :stream_idx :879
************
data  :bcdef
CHECKPOINT :885
PUSH :bcdef :stream_idx :885
************
data  :c
CHECKPOINT :890
PUSH :c :stream_idx :890
************
data  :def
CHECKPOINT :891
PUSH :def :stream_idx :891
************
data  :efghijklmn
CHECKPOINT :894
PUSH :efghijklmn :stream_idx :894
************
data  :fghij
CHECKPOINT :904
PUSH :fghij :stream_idx :904
************
data  :ghijklmnop
CHECKPOINT :909
PUSH :ghijklmnop :stream_idx :909
************
data  :hijklmnop
CHECKPOINT :919
PUSH :hijklmnop :stream_idx :919
************
data  :ijk
CHECKPOINT :928
PUSH :ijk :stream_idx :928
************
data  :jklmnopqr
CHECKPOINT :931
PUSH :jklmnopqr :stream_idx :931
************
data  :kl
CHECKPOINT :940
PUSH :kl :stream_idx :940
************
data  :lmn
CHECKPOINT :942
PUSH :lmn :stream_idx :942
************
data  :m
CHECKPOINT :945
PUSH :m :stream_idx :945
************
data  :nop
CHECKPOINT :946
PUSH :nop :stream_idx :946
************
data  :opqrstuvwx
CHECKPOINT :949
PUSH :opqrstuvwx :stream_idx :949
************
data  :pqrst
CHECKPOINT :959
PUSH :pqrst :stream_idx :959
************
data  :qrs
CHECKPOINT :964
PUSH :qrs :stream_idx :964
************
data  :rstuvwxyza
CHECKPOINT :967
PUSH :rstuvwxyza :stream_idx :967
************
data  :st
CHECKPOINT :977
PUSH :st :stream_idx :977
************
data  :tuvwxyza
CHECKPOINT :979
PUSH :tuvwxyza :stream_idx :979
************
data  :uv
CHECKPOINT :987
PUSH :uv :stream_idx :987
************
data  :v
CHECKPOINT :989
PUSH :v :stream_idx :989
************
data  :wxyzab
CHECKPOINT :990
PUSH :wxyzab :stream_idx :990
************
data  :x
CHECKPOINT :996
PUSH :x :stream_idx :996
************
data  :yzabcd
CHECKPOINT :997
PUSH :yzabcd :stream_idx :997
************
data  :zab
CHECKPOINT :1003
PUSH :zab :stream_idx :1003
************
data  :a
CHECKPOINT :1006
PUSH :a :stream_idx :1006
************
data  :bcdefghij
CHECKPOINT :1007
PUSH :bcdefghij :stream_idx :1007
************
data  :cdefghij
CHECKPOINT :1016
PUSH :cdefghij :stream_idx :1016
************
data  :d
CHECKPOINT :1024
PUSH :d :stream_idx :1024
************
data  :efghijk
CHECKPOINT :1025
PUSH :efghijk :stream_idx :1025
************
data  :fghijk
CHECKPOINT :1032
PUSH :fghijk :stream_idx :1032
************
data  :ghijklmn
CHECKPOINT :1038
PUSH :ghijklmn :stream_idx :1038
************
data  :hijk
CHECKPOINT :1046
PUSH :hijk :stream_idx :1046
************
data  :ijklmnop
CHECKPOINT :1050
PUSH :ijklmnop :stream_idx :1050
************
data  :jkl
CHECKPOINT :1058
PUSH :jkl :stream_idx :1058
************
data  :klm
CHECKPOINT :1061
PUSH :klm :stream_idx :1061
************
data  :lmnopqrst
CHECKPOINT :1064
PUSH :lmnopqrst :stream_idx :1064
************
data  :mno
CHECKPOINT :1073
PUSH :mno :stream_idx :1073
************
data  :no
CHECKPOINT :1076
PUSH :no :stream_idx :1076
************
data  :opqrs
CHECKPOINT :1078
PUSH :opqrs :stream_idx :1078
************
data  :pqrstuvwx
CHECKPOINT :1083
PUSH :pqrstuvwx :stream_idx :1083
************
data  :qrstu
CHECKPOINT :1092
PUSH :qrstu :stream_idx :1092
************
data  :r
CHECKPOINT :1097
PUSH :r :stream_idx :1097
************
data  :stuvwxyzab
CHECKPOINT :1098
PUSH :stuvwxyzab :stream_idx :1098
************
data  :tuvwxy
CHECKPOINT :1108
PUSH :tuvwxy :stream_idx :1108
************
data  :uvwxy
CHECKPOINT :1114
PUSH :uvwxy :stream_idx :1114
************
data  :vw
CHECKPOINT :1119
PUSH :vw :stream_idx :1119
************
data  :wxyzabc
CHECKPOINT :1121
PUSH :wxyzabc :stream_idx :1121
************
data  :xy
CHECKPOINT :1128
PUSH :xy :stream_idx :1128
************
data  :yza
CHECKPOINT :1130
PUSH :yza :stream_idx :1130
************
data  :za
CHECKPOINT :1133
PUSH :za :stream_idx :1133
************
data  :abcdef
CHECKPOINT :1135
PUSH :abcdef :stream_idx :1135
************
data  :bcdefgh
CHECKPOINT :1141
PUSH :bcdefgh :stream_idx :1141
************
data  :cdefghi
CHECKPOINT :1148
PUSH :cdefghi :stream_idx :1148
************
data  :d
CHECKPOINT :1155
PUSH :d :stream_idx :1155
************
data  :efghijk
CHECKPOINT :1156
PUSH :efghijk :stream_idx :1156
************
data  :fghij
CHECKPOINT :1163
PUSH :fghij :stream_idx :1163
************
data  :ghijk
CHECKPOINT :1168
PUSH :ghijk :stream_idx :1168
************
data  :h
CHECKPOINT :1173
PUSH :h :stream_idx :1173
************
data  :ijklmno
CHECKPOINT :1174
PUSH :ijklmno :stream_idx :1174
************
data  :jklmno
CHECKPOINT :1181
PUSH :jklmno :stream_idx :1181
************
data  :klmnop
CHECKPOINT :1187
PUSH :klmnop :stream_idx :1187
************
data  :lmno
CHECKPOINT :1193
PUSH :lmno :stream_idx :1193
************
data  :mno
CHECKPOINT :1197
PUSH :mno :stream_idx :1197
************
data  :no
CHECKPOINT :1200
PUSH :no :stream_idx :1200
************
data  :opqrst
CHECKPOINT :1202
PUSH :opqrst :stream_idx :1202
************
data  :pqrst
CHECKPOINT :1208
PUSH :pqrst :stream_idx :1208
************
data  :qrstuvw
CHECKPOINT :1213
PUSH :qrstuvw :stream_idx :1213
************
data  :rs
CHECKPOINT :1220
PUSH :rs :stream_idx :1220
************
data  :stuvwxyz
CHECKPOINT :1222
PUSH :stuvwxyz :stream_idx :1222
************
data  :tuvwx
CHECKPOINT :1230
PUSH :tuvwx :stream_idx :1230
************
data  :uvwxy
CHECKPOINT :1235
PUSH :uvwxy :stream_idx :1235
************
data  :vwxyzabcd
CHECKPOINT :1240
PUSH :vwxyzabcd :stream_idx :1240
************
data  :wxyzabc
CHECKPOINT :1249
PUSH :wxyzabc :stream_idx :1249
************
data  :xy
CHECKPOINT :1256
PUSH :xy :stream_idx :1256
************
data  :yza
CHECKPOINT :1258
PUSH :yza :stream_idx :1258
************
data  :zabcde
CHECKPOINT :1261
PUSH :zabcde :stream_idx :1261
************
data  :abcdefgh
CHECKPOINT :1267
PUSH :abcdefgh :stream_idx :1267
************
data  :bcdefghi
CHECKPOINT :1275
PUSH :bcdefghi :stream_idx :1275
************
data  :cdefgh
CHECKPOINT :1283
PUSH :cdefgh :stream_idx :1283
************
data  :defghijk
CHECKPOINT :1289
PUSH :defghijk :stream_idx :1289
************
data  :efghijklmn
CHECKPOINT :1297
PUSH :efghijklmn :stream_idx :1297
************
data  :fghijklmn
CHECKPOINT :1307
PUSH :fghijklmn :stream_idx :1307
************
data  :ghijkl
CHECKPOINT :1316
PUSH :ghijkl :stream_idx :1316
************
data  :hijklmnop
CHECKPOINT :1322
PUSH :hijklmnop :stream_idx :1322
************
data  :ijklm
CHECKPOINT :1331
PUSH :ijklm :stream_idx :1331
************
data  :jklmno
CHECKPOINT :1336
PUSH :jklmno :stream_idx :1336
************
data  :k
CHECKPOINT :1342
PUSH :k :stream_idx :1342
************
data  :lmn
CHECKPOINT :1343
PUSH :lmn :stream_idx :1343
************
data  :mno
CHECKPOINT :1346
PUSH :mno :stream_idx :1346
************
data  :nopqrstuv
CHECKPOINT :1349
PUSH :nopqrstuv :stream_idx :1349
************
data  :opqrstuvw
CHECKPOINT :1358
PUSH :opqrstuvw :stream_idx :1358
************
data  :pqrstuvwxy
CHECKPOINT :1367
PUSH :pqrstuvwxy :stream_idx :1367
************
data  :qr
CHECKPOINT :1377
PUSH :qr :stream_idx :1377
************
data  :rs
CHECKPOINT :1379
PUSH :rs :stream_idx :1379
************
data  :stuvwxyza
CHECKPOINT :1381
PUSH :stuvwxyza :stream_idx :1381
************
data  :tuvwxyza
CHECKPOINT :1390
PUSH :tuvwxyza :stream_idx :1390
************
data  :u
CHECKPOINT :1398
PUSH :u :stream_idx :1398
************
data  :vwx
CHECKPOINT :1399
PUSH :vwx :stream_idx :1399
************
data  :wxyz
CHECKPOINT :1402
PUSH :wxyz :stream_idx :1402
************
data  :xyzabcdefg
CHECKPOINT :1406
PUSH :xyzabcdefg :stream_idx :1406
************
data  :yzabc
CHECKPOINT :1416
PUSH :yzabc :stream_idx :1416
************
data  :zabcd
CHECKPOINT :1421
PUSH :zabcd :stream_idx :1421
************
data  :abcdef
CHECKPOINT :1426
PUSH :abcdef :stream_idx :1426
************
data  :bcd
CHECKPOINT :1432
PUSH :bcd :stream_idx :1432
************
data  :cdefghi
CHECKPOINT :1435
PUSH :cdefghi :stream_idx :1435
************
data  :defghij
CHECKPOINT :1442
PUSH :defghij :stream_idx :1442
************
data  :e
CHECKPOINT :1449
PUSH :e :stream_idx :1449
************
data  :fghijkl
CHECKPOINT :1450
PUSH :fghijkl :stream_idx :1450
************
data  :ghi
CHECKPOINT :1457
PUSH :ghi :stream_idx :1457
************
data  :hijklmnopq
CHECKPOINT :1460
PUSH :hijklmnopq :stream_idx :1460
************
data  :i
CHECKPOINT :1470
PUSH :i :stream_idx :1470
************
data  :jk
CHECKPOINT :1471
PUSH :jk :stream_idx :1471
************
data  :klmnopq
CHECKPOINT :1473
PUSH :klmnopq :stream_idx :1473
************
data  :l
CHECKPOINT :1480
PUSH :l :stream_idx :1480
************
data  :m
CHECKPOINT :1481
PUSH :m :stream_idx :1481
************
data  :nop
CHECKPOINT :1482
PUSH :nop :stream_idx :1482
************
data  :opqrstuvw
CHECKPOINT :1485
PUSH :opqrstuvw :stream_idx :1485
************
data  :pqrstuv
CHECKPOINT :1494
PUSH :pqrstuv :stream_idx :1494
************
data  :qrstu
CHECKPOINT :1501
PUSH :qrstu :stream_idx :1501
************
data  :rstuvwx
CHECKPOINT :1506
PUSH :rstuvwx :stream_idx :1506
************
data  :s
CHECKPOINT :1513
PUSH :s :stream_idx :1513
************
data  :tuv
CHECKPOINT :1514
PUSH :tuv :stream_idx :1514
************
data  :uvw
CHECKPOINT :1517
PUSH :uvw :stream_idx :1517
************
data  :vwxy
CHECKPOINT :1520
PUSH :vwxy :stream_idx :1520
************
data  :wxyzabcdef
CHECKPOINT :1524
PUSH :wxyzabcdef :stream_idx :1524
************
data  :xyz
CHECKPOINT :1534
PUSH :xyz :stream_idx :1534
************
data  :y
CHECKPOINT :1537
PUSH :y :stream_idx :1537
************
data  :zabcdef
CHECKPOINT :1538
PUSH :zabcdef :stream_idx :1538
************
data  :abcdefghij
CHECKPOINT :1545
PUSH :abcdefghij :stream_idx :1545
************
data  :bc
CHECKPOINT :1555
PUSH :bc :stream_idx :1555
************
data  :cd
CHECKPOINT :1557
PUSH :cd :stream_idx :1557
************
data  :de
CHECKPOINT :1559
PUSH :de :stream_idx :1559
************
data  :efghijkl
CHECKPOINT :1561
PUSH :efghijkl :stream_idx :1561
************
data  :fghijklmn
CHECKPOINT :1569
PUSH :fghijklmn :stream_idx :1569
************
data  :ghi
CHECKPOINT :1578
PUSH :ghi :stream_idx :1578
************
data  :hijklmnopq
CHECKPOINT :1581
PUSH :hijklmnopq :stream_idx :1581
************
data  :ij
CHECKPOINT :1591
PUSH :ij :stream_idx :1591
************
data  :jklmno
CHECKPOINT :1593
PUSH :jklmno :stream_idx :1593
************
data  :klmnopqrs
CHECKPOINT :1599
PUSH :klmnopqrs :stream_idx :1599
************
data  :l
CHECKPOINT :1608
PUSH :l :stream_idx :1608
************
data  :mnopq
CHECKPOINT :1609
PUSH :mnopq :stream_idx :1609
************
data  :nopqrstuv
CHECKPOINT :1614
PUSH :nopqrstuv :stream_idx :1614
************
data  :opqrstuvwx
CHECKPOINT :1623
PUSH :opqrstuvwx :stream_idx :1623
************
data  :pqrstuv
CHECKPOINT :1633
PUSH :pqrstuv :stream_idx :1633
************
data  :qrstu
CHECKPOINT :1640
PUSH :qrstu :stream_idx :1640
************
data  :rstuvwxyza
CHECKPOINT :1645
PUSH :rstuvwxyza :stream_idx :1645
************
data  :stuvwxyza
CHECKPOINT :1655
PUSH :stuvwxyza :stream_idx :1655
************
data  :tuvwx
CHECKPOINT :1664
PUSH :tuvwx :stream_idx :1664
************
data  :uvwxyzabc
CHECKPOINT :1669
PUSH :uvwxyzabc :stream_idx :1669
************
data  :vwxy
CHECKPOINT :1678
PUSH :vwxy :stream_idx :1678
************
data  :wxy
CHECKPOINT :1682
PUSH :wxy :stream_idx :1682
************
data  :xyzabcde
CHECKPOINT :1685
PUSH :xyzabcde :stream_idx :1685
************
data  :yz
CHECKPOINT :1693
PUSH :yz :stream_idx :1693
************
data  :zabcde
CHECKPOINT :1695
PUSH :zabcde :stream_idx :1695
************
data  :abc
CHECKPOINT :1701
PUSH :abc :stream_idx :1701
************
data  :bcdefghi
CHECKPOINT :1704
PUSH :bcdefghi :stream_idx :1704
************
data  :cdefghij
CHECKPOINT :1712
PUSH :cdefghij :stream_idx :1712
************
data  :defghijklm
CHECKPOINT :1720
PUSH :defghijklm :stream_idx :1720
************
data  :efghijklmn
CHECKPOINT :1730
PUSH :efghijklmn :stream_idx :1730
************
data  :fghijklm
CHECKPOINT :1740
PUSH :fghijklm :stream_idx :1740
************
data  :ghijklmnop
CHECKPOINT :1748
PUSH :ghijklmnop :stream_idx :1748
************
data  :hijklmnopq
CHECKPOINT :1758
PUSH :hijklmnopq :stream_idx :1758
************
data  :ijklmn
CHECKPOINT :1768
PUSH :ijklmn :stream_idx :1768
************
data  :jklm
CHECKPOINT :1774
PUSH :jklm :stream_idx :1774
************
data  :klmnop
CHECKPOINT :1778
PUSH :klmnop :stream_idx :1778
************
data  :lmn
CHECKPOINT :1784
PUSH :lmn :stream_idx :1784
************
data  :mn
CHECKPOINT :1787
PUSH :mn :stream_idx :1787
************
data  :nop
CHECKPOINT :1789
PUSH :nop :stream_idx :1789
************
data  :opqrstu
CHECKPOINT :1792
PUSH :opqrstu :stream_idx :1792
************
data  :pqrs
CHECKPOINT :1799
PUSH :pqrs :stream_idx :1799
************
data  :q
CHECKPOINT :1803
PUSH :q :stream_idx :1803
************
data  :rstuvwxy
CHECKPOINT :1804
PUSH :rstuvwxy :stream_idx :1804
************
data  :st
CHECKPOINT :1812
PUSH :st :stream_idx :1812
************
data  :tuvwxyzabc
CHECKPOINT :1814
PUSH :tuvwxyzabc :stream_idx :1814
************
data  :uvwxyzabcd
CHECKPOINT :1824
PUSH :uvwxyzabcd :stream_idx :1824
************
data  :vwxyzabcd
CHECKPOINT :1834
PUSH :vwxyzabcd :stream_idx :1834
************
data  :wx
CHECKPOINT :1843
PUSH :wx :stream_idx :1843
************
data  :xyz
CHECKPOINT :1845
PUSH :xyz :stream_idx :1845
************
data  :yzab
CHECKPOINT :1848
PUSH :yzab :stream_idx :1848
************
data  :zabcdefghi
CHECKPOINT :1852
PUSH :zabcdefghi :stream_idx :1852
************
data  :abcdef
CHECKPOINT :1862
PUSH :abcdef :stream_idx :1862
************
data  :bcdefghijk
CHECKPOINT :1868
PUSH :bcdefghijk :stream_idx :1868
************
data  :cdefg
CHECKPOINT :1878
PUSH :cdefg :stream_idx :1878
************
data  :defghijk
CHECKPOINT :1883
PUSH :defghijk :stream_idx :1883
************
data  :efghijklmn
CHECKPOINT :1891
PUSH :efghijklmn :stream_idx :1891
************
data  :fghijk
CHECKPOINT :1901
PUSH :fghijk :stream_idx :1901
************
data  :ghijk
CHECKPOINT :1907
PUSH :ghijk :stream_idx :1907
************
data  :hijklmn
CHECKPOINT :1912
PUSH :hijklmn :stream_idx :1912
************
data  :ijklmnop
CHECKPOINT :1919
PUSH :ijklmnop :stream_idx :1919
************
data  :jk
CHECKPOINT :1927
PUSH :jk :stream_idx :1927
************
data  :klmnopq
CHECKPOINT :1929
PUSH :klmnopq :stream_idx :1929
************
data  :lmnopqr
CHECKPOINT :1936
PUSH :lmnopqr :stream_idx :1936
************
data  :mnopqr
CHECKPOINT :1943
PUSH :mnopqr :stream_idx :1943
************
data  :nopqrstu
CHECKPOINT :1949
PUSH :nopqrstu :stream_idx :1949
************
data  :opqrstu
CHECKPOINT :1957
PUSH :opqrstu :stream_idx :1957
************
data  :pqr
CHECKPOINT :1964
PUSH :pqr :stream_idx :1964
************
data  :qrs
CHECKPOINT :1967
PUSH :qrs :stream_idx :1967
************
data  :rstuvw
CHECKPOINT :1970
PUSH :rstuvw :stream_idx :1970
************
data  :s
CHECKPOINT :1976
PUSH :s :stream_idx :1976
************
data  :t
CHECKPOINT :1977
PUSH :t :stream_idx :1977
************
data  :uvwxyza
CHECKPOINT :1978
PUSH :uvwxyza :stream_idx :1978
************
data  :vwxyza
CHECKPOINT :1985
PUSH :vwxyza :stream_idx :1985
************
data  :wxyzabcd
CHECKPOINT :1991
PUSH :wxyzabcd :stream_idx :1991
************
data  :xy
CHECKPOINT :1999
PUSH :xy :stream_idx :1999
************
data  :yzabcd
CHECKPOINT :2001
PUSH :yzabcd :stream_idx :2001
************
data  :zabcd
CHECKPOINT :2007
PUSH :zabcd :stream_idx :2007
************
data  :abcde
CHECKPOINT :2012
PUSH :abcde :stream_idx :2012
************
data  :bcdefg
CHECKPOINT :2017
PUSH :bcdefg :stream_idx :2017
************
data  :cd
CHECKPOINT :2023
PUSH :cd :stream_idx :2023
************
data  :defghijk
CHECKPOINT :2025
PUSH :defghijk :stream_idx :2025
************
data  :efghijklm
CHECKPOINT :2033
PUSH :efghijklm :stream_idx :2033
************
data  :fghijklmno
CHECKPOINT :2042
PUSH :fghijklmno :stream_idx :2042
************
data  :ghijklmn
CHECKPOINT :2052
PUSH :ghijklmn :stream_idx :2052
************
data  :hijk
CHECKPOINT :2060
PUSH :hijk :stream_idx :2060
************
data  :ijklmnop
CHECKPOINT :2064
PUSH :ijklmnop :stream_idx :2064
************
data  :jk
CHECKPOINT :2072
PUSH :jk :stream_idx :2072
************
data  :klmnopqr
CHECKPOINT :2074
PUSH :klmnopqr :stream_idx :2074
************
data  :lmnopqrst
CHECKPOINT :2082
PUSH :lmnopqrst :stream_idx :2082
************
data  :mnopqr
CHECKPOINT :2091
PUSH :mnopqr :stream_idx :2091
************
data  :nopqr
CHECKPOINT :2097
PUSH :nopqr :stream_idx :2097
************
data  :o
CHECKPOINT :2102
PUSH :o :stream_idx :2102
************
data  :pqrs
CHECKPOINT :2103
PUSH :pqrs :stream_idx :2103
************
data  :qrstuvw
CHECKPOINT :2107
PUSH :qrstuvw :stream_idx :2107
************
data  :rstu
CHECKPOINT :2114
PUSH :rstu :stream_idx :2114
************
data  :s
CHECKPOINT :2118
PUSH :s :stream_idx :2118
************
data  :tuvwxy
CHECKPOINT :2119
PUSH :tuvwxy :stream_idx :2119
************
data  :uvw
CHECKPOINT :2125
PUSH :uvw :stream_idx :2125
************
data  :v
CHECKPOINT :2128
PUSH :v :stream_idx :2128
************
data  :wxyzabc
CHECKPOINT :2129
PUSH :wxyzabc :stream_idx :2129
************
data  :xy
CHECKPOINT :2136
PUSH :xy :stream_idx :2136
************
data  :y
CHECKPOINT :2138
PUSH :y :stream_idx :2138
************
data  :zabcdef
CHECKPOINT :2139
PUSH :zabcdef :stream_idx :2139
************
data  :abc
CHECKPOINT :2146
PUSH :abc :stream_idx :2146
************
data  :bcdefghij
CHECKPOINT :2149
PUSH :bcdefghij :stream_idx :2149
************
data  :cdefghijk
CHECKPOINT :2158
PUSH :cdefghijk :stream_idx :2158
************
data  :defg
CHECKPOINT :2167
PUSH :defg :stream_idx :2167
************
data  :efghijklmn
CHECKPOINT :2171
PUSH :efghijklmn :stream_idx :2171
************
data  :fghijklm
CHECKPOINT :2181
PUSH :fghijklm :stream_idx :2181
************
data  :ghijk
CHECKPOINT :2189
PUSH :ghijk :stream_idx :2189
************
data  :hij
CHECKPOINT :2194
PUSH :hij :stream_idx :2194
************
data  :ijklm
CHECKPOINT :2197
PUSH :ijklm :stream_idx :2197
************
data  :jkl
CHECKPOINT :2202
PUSH :jkl :stream_idx :2202
************
data  :klmn
CHECKPOINT :2205
PUSH :klmn :stream_idx :2205
************
data  :l
CHECKPOINT :2209
PUSH :l :stream_idx :2209
************
data  :mnopqrst
CHECKPOINT :2210
PUSH :mnopqrst :stream_idx :2210
************
data  :nop
CHECKPOINT :2218
PUSH :nop :stream_idx :2218
************
data  :opqrstu
CHECKPOINT :2221
PUSH :opqrstu :stream_idx :2221
************
data  :pqrstuvw
CHECKPOINT :2228
PUSH :pqrstuvw :stream_idx :2228
************
data  :qrstuvwx
CHECKPOINT :2236
PUSH :qrstuvwx :stream_idx :2236
************
data  :rstuvwxyz
CHECKPOINT :2244
PUSH :rstuvwxyz :stream_idx :2244
************
data  :stuvw
CHECKPOINT :2253
PUSH :stuvw :stream_idx :2253
************
data  :tuvwxyzabc
CHECKPOINT :2258
PUSH :tuvwxyzabc :stream_idx :2258
************
data  :uvwx
CHECKPOINT :2268
PUSH :uvwx :stream_idx :2268
************
data  :vwxyzab
CHECKPOINT :2272
PUSH :vwxyzab :stream_idx :2272
************
data  :wxyzabcd
CHECKPOINT :2279
PUSH :wxyzabcd :stream_idx :2279
************
data  :xyz
CHECKPOINT :2287
PUSH :xyz :stream_idx :2287
************
data  :yzab
CHECKPOINT :2290
PUSH :yzab :stream_idx :2290
************
data  :z
CHECKPOINT :2294
PUSH :z :stream_idx :2294
************
data  :abcdef
CHECKPOINT :2295
PUSH :abcdef :stream_idx :2295
************
data  :bcdefg
CHECKPOINT :2301
PUSH :bcdefg :stream_idx :2301
************
data  :cdefgh
CHECKPOINT :2307
PUSH :cdefgh :stream_idx :2307
************
data  :defghijk
CHECKPOINT :2313
PUSH :defghijk :stream_idx :2313
************
data  :ef
CHECKPOINT :2321
PUSH :ef :stream_idx :2321
************
data  :fghijklmn
CHECKPOINT :2323
PUSH :fghijklmn :stream_idx :2323
************
data  :g
CHECKPOINT :2332
PUSH :g :stream_idx :2332
************
data  :hijklmnopq
CHECKPOINT :2333
PUSH :hijklmnopq :stream_idx :2333
************
data  :ijklmnopq
CHECKPOINT :2343
PUSH :ijklmnopq :stream_idx :2343
************
data  :jklmnopqrs
CHECKPOINT :2352
PUSH :jklmnopqrs :stream_idx :2352
************
data  :klmn
CHECKPOINT :2362
PUSH :klmn :stream_idx :2362
************
data  :lmnopqrstu
CHECKPOINT :2366
PUSH :lmnopqrstu :stream_idx :2366
************
data  :mno
CHECKPOINT :2376
PUSH :mno :stream_idx :2376
************
data  :nopqrs
CHECKPOINT :2379
PUSH :nopqrs :stream_idx :2379
************
data  :opqrs
CHECKPOINT :2385
PUSH :opqrs :stream_idx :2385
************
data  :pqr
CHECKPOINT :2390
PUSH :pqr :stream_idx :2390
************
data  :q
CHECKPOINT :2393
PUSH :q :stream_idx :2393
************
data  :rst
CHECKPOINT :2394
PUSH :rst :stream_idx :2394
************
data  :stuvwxyz
CHECKPOINT :2397
PUSH :stuvwxyz :stream_idx :2397
************
data  :tuvwxyza
CHECKPOINT :2405
PUSH :tuvwxyza :stream_idx :2405
************
data  :uvw
CHECKPOINT :2413
PUSH :uvw :stream_idx :2413
************
data  :vwx
CHECKPOINT :2416
PUSH :vwx :stream_idx :2416
************
data  :wxyzabcde
CHECKPOINT :2419
PUSH :wxyzabcde :stream_idx :2419
************
data  :xyzabc
CHECKPOINT :2428
PUSH :xyzabc :stream_idx :2428
************
data  :yzabcde
CHECKPOINT :2434
PUSH :yzabcde :stream_idx :2434
************
data  :zabcdefghi
CHECKPOINT :2441
PUSH :zabcdefghi :stream_idx :2441
************
data  :abc
CHECKPOINT :2451
PUSH :abc :stream_idx :2451
************
data  :bcdefghi
CHECKPOINT :2454
PUSH :bcdefghi :stream_idx :2454
************
data  :cdefgh
CHECKPOINT :2462
PUSH :cdefgh :stream_idx :2462
************
data  :def
CHECKPOINT :2468
PUSH :def :stream_idx :2468
************
data  :ef
CHECKPOINT :2471
PUSH :ef :stream_idx :2471
************
data  :fg
CHECKPOINT :2473
PUSH :fg :stream_idx :2473
************
data  :ghi
CHECKPOINT :2475
PUSH :ghi :stream_idx :2475
************
data  :hij
CHECKPOINT :2478
PUSH :hij :stream_idx :2478
************
data  :ijklmnop
CHECKPOINT :2481
PUSH :ijklmnop :stream_idx :2481
************
data  :jk
CHECKPOINT :2489
PUSH :jk :stream_idx :2489
************
data  :k
CHECKPOINT :2491
PUSH :k :stream_idx :2491
************
data  :lmnop
CHECKPOINT :2492
PUSH :lmnop :stream_idx :2492
************
data  :mnopqrstu
CHECKPOINT :2497
PUSH :mnopqrstu :stream_idx :2497
************
data  :no
CHECKPOINT :2506
PUSH :no :stream_idx :2506
************
data  :opq
CHECKPOINT :2508
PUSH :opq :stream_idx :2508
************
data  :pqrstu
CHECKPOINT :2511
PUSH :pqrstu :stream_idx :2511
************
data  :qrstuvw
CHECKPOINT :2517
PUSH :qrstuvw :stream_idx :2517
************
data  :rstuvwxyza
CHECKPOINT :2524
PUSH :rstuvwxyza :stream_idx :2524
************
data  :stuvwxyz
CHECKPOINT :2534
PUSH :stuvwxyz :stream_idx :2534
************
data  :t
CHECKPOINT :2542
PUSH :t :stream_idx :2542
************
data  :uvwxy
CHECKPOINT :2543
PUSH :uvwxy :stream_idx :2543
************
data  :vwxy
CHECKPOINT :2548
PUSH :vwxy :stream_idx :2548
************
data  :wxyzabcdef
CHECKPOINT :2552
PUSH :wxyzabcdef :stream_idx :2552
************
data  :xyzabcde
CHECKPOINT :2562
PUSH :xyzabcde :stream_idx :2562
************
data  :yzabcd
CHECKPOINT :2570
PUSH :yzabcd :stream_idx :2570
************
data  :zabcdefghi
CHECKPOINT :2576
PUSH :zabcdefghi :stream_idx :2576
************
data  :abcdef
CHECKPOINT :2586
PUSH :abcdef :stream_idx :2586
************
data  :bcdefghij
CHECKPOINT :2592
PUSH :bcdefghij :stream_idx :2592
************
data  :cde
CHECKPOINT :2601
PUSH :cde :stream_idx :2601
************
data  :def
CHECKPOINT :2604
PUSH :def :stream_idx :2604
************
data  :efghijk
CHECKPOINT :2607
PUSH :efghijk :stream_idx :2607
************
data  :fghijk
CHECKPOINT :2614
PUSH :fghijk :stream_idx :2614
************
data  :ghij
CHECKPOINT :2620
PUSH :ghij :stream_idx :2620
************
data  :hijk
CHECKPOINT :2624
PUSH :hijk :stream_idx :2624
************
data  :ijkl
CHECKPOINT :2628
PUSH :ijkl :stream_idx :2628
************
data  :jklmnopqr
CHECKPOINT :2632
PUSH :jklmnopqr :stream_idx :2632
************
data  :klmnopqrs
CHECKPOINT :2641
PUSH :klmnopqrs :stream_idx :2641
************
data  :lm
CHECKPOINT :2650
PUSH :lm :stream_idx :2650
************
data  :mnop
CHECKPOINT :2652
PUSH :mnop :stream_idx :2652
************
data  :nop
CHECKPOINT :2656
PUSH :nop :stream_idx :2656
************
data  :opqrstuv
CHECKPOINT :2659
PUSH :opqrstuv :stream_idx :2659
************
data  :pq
CHECKPOINT :2667
PUSH :pq :stream_idx :2667
************
data  :qrstuvwxyz
CHECKPOINT :2669
PUSH :qrstuvwxyz :stream_idx :2669
************
data  :rstuvwxy
CHECKPOINT :2679
PUSH :rstuvwxy :stream_idx :2679
************
data  :stuvwx
CHECKPOINT :2687
PUSH :stuvwx :stream_idx :2687
************
data  :tuvw
CHECKPOINT :2693
PUSH :tuvw :stream_idx :2693
************
data  :uvwxyza
CHECKPOINT :2697
PUSH :uvwxyza :stream_idx :2697
************
data  :vwxyz
CHECKPOINT :2704
PUSH :vwxyz :stream_idx :2704
************
data  :wx
CHECKPOINT :2709
PUSH :wx :stream_idx :2709
************
data  :xyzabcdef
CHECKPOINT :2711
PUSH :xyzabcdef :stream_idx :2711
************
data  :yza
CHECKPOINT :2720
PUSH :yza :stream_idx :2720
************
data  :zabcdefg
CHECKPOINT :2723
PUSH :zabcdefg :stream_idx :2723
************
data  :abcdefgh
CHECKPOINT :2731
PUSH :abcdefgh :stream_idx :2731
************
data  :bc
CHECKPOINT :2739
PUSH :bc :stream_idx :2739
************
data  :cdefgh
CHECKPOINT :2741
PUSH :cdefgh :stream_idx :2741
************
data  :defgh
CHECKPOINT :2747
PUSH :defgh :stream_idx :2747
************
data  :ef
CHECKPOINT :2752
PUSH :ef :stream_idx :2752
************
data  :fg
CHECKPOINT :2754
PUSH :fg :stream_idx :2754
************
data  :ghijkl
CHECKPOINT :2756
PUSH :ghijkl :stream_idx :2756
************
data  :hij
CHECKPOINT :2762
PUSH :hij :stream_idx :2762
************
data  :ijklm
CHECKPOINT :2765
PUSH :ijklm :stream_idx :2765
************
data  :jklmno
CHECKPOINT :2770
PUSH :jklmno :stream_idx :2770
************
data  :k
CHECKPOINT :2776
PUSH :k :stream_idx :2776
************
data  :lmn
CHECKPOINT :2777
PUSH :lmn :stream_idx :2777
************
data  :mn
CHECKPOINT :2780
PUSH :mn :stream_idx :2780
************
data  :nopqrstu
CHECKPOINT :2782
PUSH :nopqrstu :stream_idx :2782
************
data  :opqrst
CHECKPOINT :2790
PUSH :opqrst :stream_idx :2790
************
data  :pqrs
CHECKPOINT :2796
PUSH :pqrs :stream_idx :2796
************
data  :qrstuvwxy
CHECKPOINT :2800
PUSH :qrstuvwxy :stream_idx :2800
************
data  :rst
CHECKPOINT :2809
PUSH :rst :stream_idx :2809
************
data  :stuvw
CHECKPOINT :2812
PUSH :stuvw :stream_idx :2812
************
data  :tuvwxyzabc
CHECKPOINT :2817
PUSH :tuvwxyzabc :stream_idx :2817
************
data  :u
CHECKPOINT :2827
PUSH :u :stream_idx :2827
************
data  :vwxyzabcd
CHECKPOINT :2828
PUSH :vwxyzabcd :stream_idx :2828
************
data  :w
CHECKPOINT :2837
PUSH :w :stream_idx :2837
************
data  :xyzabc
CHECKPOINT :2838
PUSH :xyzabc :stream_idx :2838
************
data  :yza
CHECKPOINT :2844
PUSH :yza :stream_idx :2844
************
data  :zabcde
CHECKPOINT :2847
PUSH :zabcde :stream_idx :2847
************
data  :abcdef
CHECKPOINT :2853
PUSH :abcdef :stream_idx :2853
************
data  :bcdefghij
CHECKPOINT :2859
PUSH :bcdefghij :stream_idx :2859
************
data  :c
CHECKPOINT :2868
PUSH :c :stream_idx :2868
************
data  :de
CHECKPOINT :2869
PUSH :de :stream_idx :2869
************
data  :efghijk
CHECKPOINT :2871
PUSH :efghijk :stream_idx :2871
************
data  :fghijklmn
CHECKPOINT :2878
PUSH :fghijklmn :stream_idx :2878
************
data  :ghijklm
CHECKPOINT :2887
PUSH :ghijklm :stream_idx :2887
************
data  :hij
CHECKPOINT :2894
PUSH :hij :stream_idx :2894
************
data  :ijklmn
CHECKPOINT :2897
PUSH :ijklmn :stream_idx :2897
************
data  :jklmn
CHECKPOINT :2903
PUSH :jklmn :stream_idx :2903
************
data  :klmnopq
CHECKPOINT :2908
PUSH :klmnopq :stream_idx :2908
************
data  :lmnopqr
CHECKPOINT :2915
PUSH :lmnopqr :stream_idx :2915
************
data  :mnop
CHECKPOINT :2922
PUSH :mnop :stream_idx :2922
************
data  :nopq
CHECKPOINT :2926
PUSH :nopq :stream_idx :2926
************
data  :o
CHECKPOINT :2930
PUSH :o :stream_idx :2930
************
data  :pqrstuv
CHECKPOINT :2931
PUSH :pqrstuv :stream_idx :2931
************
data  :qrstuvwx
CHECKPOINT :2938
PUSH :qrstuvwx :stream_idx :2938
************
data  :rstuv
CHECKPOINT :2946
PUSH :rstuv :stream_idx :2946
************
data  :stuvwxyz
CHECKPOINT :2951
PUSH :stuvwxyz :stream_idx :2951
************
data  :tuvwxy
CHECKPOINT :2959
PUSH :tuvwxy :stream_idx :2959
************
data  :uvwxyza
CHECKPOINT :2965
PUSH :uvwxyza :stream_idx :2965
************
data  :v
CHECKPOINT :2972
PUSH :v :stream_idx :2972
************
data  :wxyzab
CHECKPOINT :2973
PUSH :wxyzab :stream_idx :2973
************
data  :xyzab
CHECKPOINT :2979
PUSH :xyzab :stream_idx :2979
************
data  :yzabcdefgh
CHECKPOINT :2984
PUSH :yzabcdefgh :stream_idx :2984
************
data  :zab
CHECKPOINT :2994
PUSH :zab :stream_idx :2994
************
data  :abcde
CHECKPOINT :2997
PUSH :abcde :stream_idx :2997
************
data  :bcdef
CHECKPOINT :3002
PUSH :bcdef :stream_idx :3002
************
data  :cde
CHECKPOINT :3007
PUSH :cde :stream_idx :3007
************
data  :defgh
CHECKPOINT :3010
PUSH :defgh :stream_idx :3010
************
data  :efghijklmn
CHECKPOINT :3015
PUSH :efghijklmn :stream_idx :3015
************
data  :fgh
CHECKPOINT :3025
PUSH :fgh :stream_idx :3025
************
data  :ghijklm
CHECKPOINT :3028
PUSH :ghijklm :stream_idx :3028
************
data  :hijklmnop
CHECKPOINT :3035
PUSH :hijklmnop :stream_idx :3035
************
data  :ijklmnop
CHECKPOINT :3044
PUSH :ijklmnop :stream_idx :3044
************
data  :jklmno
CHECKPOINT :3052
PUSH :jklmno :stream_idx :3052
************
data  :klmnopqrs
CHECKPOINT :3058
PUSH :klmnopqrs :stream_idx :3058
************
data  :lmno
CHECKPOINT :3067
PUSH :lmno :stream_idx :3067
************
data  :m
CHECKPOINT :3071
PUSH :m :stream_idx :3071
************
data  :no
CHECKPOINT :3072
PUSH :no :stream_idx :3072
************
data  :opq
CHECKPOINT :3074
PUSH :opq :stream_idx :3074
************
data  :pqrstuvwxy
CHECKPOINT :3077
PUSH :pqrstuvwxy :stream_idx :3077
************
data  :qrstu
CHECKPOINT :3087
PUSH :qrstu :stream_idx :3087
************
data  :rst
CHECKPOINT :3092
PUSH :rst :stream_idx :3092
************
data  :stu
CHECKPOINT :3095
PUSH :stu :stream_idx :3095
************
data  :tuvwxyza
CHECKPOINT :3098
PUSH :tuvwxyza :stream_idx :3098
************
data  :uvw
CHECKPOINT :3106
PUSH :uvw :stream_idx :3106
************
data  :vwxyzab
CHECKPOINT :3109
PUSH :vwxyzab :stream_idx :3109
************
data  :wxy
CHECKPOINT :3116
PUSH :wxy :stream_idx :3116
************
data  :xyzabcdef
CHECKPOINT :3119
PUSH :xyzabcdef :stream_idx :3119
************
data  :yza
CHECKPOINT :3128
PUSH :yza :stream_idx :3128
************
data  :zabcd
CHECKPOINT :3131
PUSH :zabcd :stream_idx :3131
************
data  :abcdefgh
CHECKPOINT :3136
PUSH :abcdefgh :stream_idx :3136
************
data  :bcdefghij
CHECKPOINT :3144
PUSH :bcdefghij :stream_idx :3144
************
data  :cdefg
CHECKPOINT :3153
PUSH :cdefg :stream_idx :3153
************
data  :defgh
CHECKPOINT :3158
PUSH :defgh :stream_idx :3158
************
data  :efghijklm
CHECKPOINT :3163
PUSH :efghijklm :stream_idx :3163
************
data  :fghijklm
CHECKPOINT :3172
PUSH :fghijklm :stream_idx :3172
************
data  :ghijklmno
CHECKPOINT :3180
PUSH :ghijklmno :stream_idx :3180
************
data  :hijk
CHECKPOINT :3189
PUSH :hijk :stream_idx :3189
************
data  :ijklm
CHECKPOINT :3193
PUSH :ijklm :stream_idx :3193
************
data  :jklmn
CHECKPOINT :3198
PUSH :jklmn :stream_idx :3198
************
data  :klmno
CHECKPOINT :3203
PUSH :klmno :stream_idx :3203
************
data  :lmnop
CHECKPOINT :3208
PUSH :lmnop :stream_idx :3208
************
data  :mnopqrst
CHECKPOINT :3213
PUSH :mnopqrst :stream_idx :3213
************
data  :nopqrstuv
CHECKPOINT :3221
PUSH :nopqrstuv :stream_idx :3221
************
data  :opqrstuvw
CHECKPOINT :3230
PUSH :opqrstuvw :stream_idx :3230
************
data  :pqrstuvw
CHECKPOINT :3239
PUSH :pqrstuvw :stream_idx :3239
************
data  :qrs
CHECKPOINT :3247
PUSH :qrs :stream_idx :3247
************
data  :rstuvw
CHECKPOINT :3250
PUSH :rstuvw :stream_idx :3250
************
data  :stuvwx
CHECKPOINT :3256
PUSH :stuvwx :stream_idx :3256
************
data  :t
CHECKPOINT :3262
PUSH :t :stream_idx :3262
************
data  :uvwxyzabcd
CHECKPOINT :3263
PUSH :uvwxyzabcd :stream_idx :3263
************
data  :vwxy
CHECKPOINT :3273
PUSH :vwxy :stream_idx :3273
************
data  :wxyzab
CHECKPOINT :3277
PUSH :wxyzab :stream_idx :3277
************
data  :xyz
CHECKPOINT :3283
PUSH :xyz :stream_idx :3283
************
data  :yza
CHECKPOINT :3286
PUSH :yza :stream_idx :3286
************
data  :za
CHECKPOINT :3289
PUSH :za :stream_idx :3289
************
data  :ab
CHECKPOINT :3291
PUSH :ab :stream_idx :3291
************
data  :b
CHECKPOINT :3293
PUSH :b :stream_idx :3293
************
data  :cd
CHECKPOINT :3294
PUSH :cd :stream_idx :3294
************
data  :defgh
CHECKPOINT :3296
PUSH :defgh :stream_idx :3296
************
data  :efghij
CHECKPOINT :3301
PUSH :efghij :stream_idx :3301
************
data  :fghijkl
CHECKPOINT :3307
PUSH :fghijkl :stream_idx :3307
************
data  :ghijkl
CHECKPOINT :3314
PUSH :ghijkl :stream_idx :3314
************
data  :hi
CHECKPOINT :3320
PUSH :hi :stream_idx :3320
************
data  :ijklmno
CHECKPOINT :3322
PUSH :ijklmno :stream_idx :3322
************
data  :jk
CHECKPOINT :3329
PUSH :jk :stream_idx :3329
************
data  :klm
CHECKPOINT :3331
PUSH :klm :stream_idx :3331
************
data  :lmnopqrstu
CHECKPOINT :3334
PUSH :lmnopqrstu :stream_idx :3334
************
data  :mnop
CHECKPOINT :3344
PUSH :mnop :stream_idx :3344
************
data  :nopqrstuvw
CHECKPOINT :3348
PUSH :nopqrstuvw :stream_idx :3348
************
data  :opqrstuv
CHECKPOINT :3358
PUSH :opqrstuv :stream_idx :3358
************
data  :pqrstuv
CHECKPOINT :3366
PUSH :pqrstuv :stream_idx :3366
************
data  :qrstuvwxyz
CHECKPOINT :3373
PUSH :qrstuvwxyz :stream_idx :3373
************
data  :rstuvw
CHECKPOINT :3383
PUSH :rstuvw :stream_idx :3383
************
data  :stuv
CHECKPOINT :3389
PUSH :stuv :stream_idx :3389
************
data  :tuv
CHECKPOINT :3393
PUSH :tuv :stream_idx :3393
************
data  :uvwxyz
CHECKPOINT :3396
PUSH :uvwxyz :stream_idx :3396
************
data  :vwxyzabcd
CHECKPOINT :3402
PUSH :vwxyzabcd :stream_idx :3402
************
data  :wxyzabc
CHECKPOINT :3411
PUSH :wxyzabc :stream_idx :3411
************
data  :x
CHECKPOINT :3418
PUSH :x :stream_idx :3418
************
data  :yza
CHECKPOINT :3419
PUSH :yza :stream_idx :3419
************
data  :zab
CHECKPOINT :3422
PUSH :zab :stream_idx :3422
************
data  :abcd
CHECKPOINT :3425
PUSH :abcd :stream_idx :3425
************
data  :bcdef
CHECKPOINT :3429
PUSH :bcdef :stream_idx :3429
************
data  :cde
CHECKPOINT :3434
PUSH :cde :stream_idx :3434
************
data  :de
CHECKPOINT :3437
PUSH :de :stream_idx :3437
************
data  :ef
CHECKPOINT :3439
PUSH :ef :stream_idx :3439
************
data  :fghij
CHECKPOINT :3441
PUSH :fghij :stream_idx :3441
************
data  :ghi
CHECKPOINT :3446
PUSH :ghi :stream_idx :3446
************
data  :hijklmn
CHECKPOINT :3449
PUSH :hijklmn :stream_idx :3449
************
data  :ijklmnop
CHECKPOINT :3456
PUSH :ijklmnop :stream_idx :3456
************
data  :jklmno
CHECKPOINT :3464
PUSH :jklmno :stream_idx :3464
************
data  :klmno
CHECKPOINT :3470
PUSH :klmno :stream_idx :3470
************
data  :l
CHECKPOINT :3475
PUSH :l :stream_idx :3475
************
data  :mnopqrstu
CHECKPOINT :3476
PUSH :mnopqrstu :stream_idx :3476
************
data  :nop
CHECKPOINT :3485
PUSH :nop :stream_idx :3485
************
data  :opqr
CHECKPOINT :3488
PUSH :opqr :stream_idx :3488
************
data  :pqrs
CHECKPOINT :3492
PUSH :pqrs :stream_idx :3492
************
data  :qr
CHECKPOINT :3496
PUSH :qr :stream_idx :3496
************
data  :rstuvwxyz
CHECKPOINT :3498
PUSH :rstuvwxyz :stream_idx :3498
************
data  :st
CHECKPOINT :3507
PUSH :st :stream_idx :3507
************
data  :tuvwxyzabc
CHECKPOINT :3509
PUSH :tuvwxyzabc :stream_idx :3509
************
data  :uvwxyzabcd
CHECKPOINT :3519
PUSH :uvwxyzabcd :stream_idx :3519
************
data  :vwxy
CHECKPOINT :3529
PUSH :vwxy :stream_idx :3529
************
data  :wxyzab
CHECKPOINT :3533
PUSH :wxyzab :stream_idx :3533
************
data  :xyzabc
CHECKPOINT :3539
PUSH :xyzabc :stream_idx :3539
************
data  :yz
CHECKPOINT :3545
PUSH :yz :stream_idx :3545
************
data  :zabcdefgh
CHECKPOINT :3547
PUSH :zabcdefgh :stream_idx :3547
************
data  :abcdefghij
CHECKPOINT :3556
PUSH :abcdefghij :stream_idx :3556
************
data  :bcdefghi
CHECKPOINT :3566
PUSH :bcdefghi :stream_idx :3566
************
data  :cdefgh
CHECKPOINT :3574
PUSH :cdefgh :stream_idx :3574
************
data  :de
CHECKPOINT :3580
PUSH :de :stream_idx :3580
************
data  :ef
CHECKPOINT :3582
PUSH :ef :stream_idx :3582
************
data  :fghij
CHECKPOINT :3584
PUSH :fghij :stream_idx :3584
************
data  :ghijk
CHECKPOINT :3589
PUSH :ghijk :stream_idx :3589
************
data  :hijklmnopq
CHECKPOINT :3594
PUSH :hijklmnopq :stream_idx :3594
************
data  :ijk
CHECKPOINT :3604
PUSH :ijk :stream_idx :3604
************
data  :j
CHECKPOINT :3607
PUSH :j :stream_idx :3607
************
data  :klmn
CHECKPOINT :3608
PUSH :klmn :stream_idx :3608
************
data  :lmnop
CHECKPOINT :3612
PUSH :lmnop :stream_idx :3612
************
data  :mnopqrst
CHECKPOINT :3617
PUSH :mnopqrst :stream_idx :3617
************
data  :nopq
CHECKPOINT :3625
PUSH :nopq :stream_idx :3625
************
data  :op
CHECKPOINT :3629
PUSH :op :stream_idx :3629
************
data  :pqrstuvw
CHECKPOINT :3631
PUSH :pqrstuvw :stream_idx :3631
************
data  :qrstuvwxyz
CHECKPOINT :3639
PUSH :qrstuvwxyz :stream_idx :3639
************
data  :r
CHECKPOINT :3649
PUSH :r :stream_idx :3649
************
data  :stuvw
CHECKPOINT :3650
PUSH :stuvw :stream_idx :3650
************
data  :tuvw
CHECKPOINT :3655
PUSH :tuvw :stream_idx :3655
************
data  :uvwx
CHECKPOINT :3659
PUSH :uvwx :stream_idx :3659
************
data  :vwx
CHECKPOINT :3663
PUSH :vwx :stream_idx :3663
************
data  :wxyzab
CHECKPOINT :3666
PUSH :wxyzab :stream_idx :3666
************
data  :xyzabcde
CHECKPOINT :3672
PUSH :xyzabcde :stream_idx :3672
************
data  :yzabcdefgh
CHECKPOINT :3680
PUSH :yzabcdefgh :stream_idx :3680
************
data  :z
CHECKPOINT :3690
PUSH :z :stream_idx :3690
************
data  :ab
CHECKPOINT :3691
PUSH :ab :stream_idx :3691
************
data  :bcdefghijk
CHECKPOINT :3693
PUSH :bcdefghijk :stream_idx :3693
************
data  :cdefghij
CHECKPOINT :3703
PUSH :cdefghij :stream_idx :3703
************
data  :defg
CHECKPOINT :3711
PUSH :defg :stream_idx :3711
************
data  :efghi
CHECKPOINT :3715
PUSH :efghi :stream_idx :3715
************
data  :fgh
CHECKPOINT :3720
PUSH :fgh :stream_idx :3720
************
data  :ghijkl
CHECKPOINT :3723
PUSH :ghijkl :stream_idx :3723
************
data  :h
CHECKPOINT :3729
PUSH :h :stream_idx :3729
************
data  :ij
CHECKPOINT :3730
PUSH :ij :stream_idx :3730
************
data  :jklmno
CHECKPOINT :3732
PUSH :jklmno :stream_idx :3732
************
data  :klmn
CHECKPOINT :3738
PUSH :klmn :stream_idx :3738
************
data  :lm
CHECKPOINT :3742
PUSH :lm :stream_idx :3742
************
data  :mnopqrstuv
CHECKPOINT :3744
PUSH :mnopqrstuv :stream_idx :3744
************
data  :nopqrstuv
CHECKPOINT :3754
PUSH :nopqrstuv :stream_idx :3754
************
data  :opqrstu
CHECKPOINT :3763
PUSH :opqrstu :stream_idx :3763
************
data  :pqrstuv
CHECKPOINT :3770
PUSH :pqrstuv :stream_idx :3770
************
data  :qr
CHECKPOINT :3777
PUSH :qr :stream_idx :3777
************
data  :rstuvwxy
CHECKPOINT :3779
PUSH :rstuvwxy :stream_idx :3779
************
data  :stuvw
CHECKPOINT :3787
PUSH :stuvw :stream_idx :3787
************
data  :tuvwxyzab
CHECKPOINT :3792
PUSH :tuvwxyzab :stream_idx :3792
************
data  :u
CHECKPOINT :3801
PUSH :u :stream_idx :3801
************
data  :vwxyzabcd
CHECKPOINT :3802
PUSH :vwxyzabcd :stream_idx :3802
************
data  :wx
CHECKPOINT :3811
PUSH :wx :stream_idx :3811
************
data  :xyzabcdef
CHECKPOINT :3813
PUSH :xyzabcdef :stream_idx :3813
************
data  :yzabcdefgh
CHECKPOINT :3822
PUSH :yzabcdefgh :stream_idx :3822
************
data  :zabcd
CHECKPOINT :3832
PUSH :zabcd :stream_idx :3832
************
data  :abcd
CHECKPOINT :3837
PUSH :abcd :stream_idx :3837
************
data  :bcd
CHECKPOINT :3841
PUSH :bcd :stream_idx :3841
************
data  :cdefghijkl
CHECKPOINT :3844
PUSH :cdefghijkl :stream_idx :3844
************
data  :defghijkl
CHECKPOINT :3854
PUSH :defghijkl :stream_idx :3854
************
data  :efghijk
CHECKPOINT :3863
PUSH :efghijk :stream_idx :3863
************
data  :fgh
CHECKPOINT :3870
PUSH :fgh :stream_idx :3870
************
data  :g
CHECKPOINT :3873
PUSH :g :stream_idx :3873
************
data  :h
CHECKPOINT :3874
PUSH :h :stream_idx :3874
************
data  :ijklmnopq
CHECKPOINT :3875
PUSH :ijklmnopq :stream_idx :3875
************
data  :jklmno
CHECKPOINT :3884
PUSH :jklmno :stream_idx :3884
************
data  :k
CHECKPOINT :3890
PUSH :k :stream_idx :3890
************
data  :lmnop
CHECKPOINT :3891
PUSH :lmnop :stream_idx :3891
************
data  :m
CHECKPOINT :3896
PUSH :m :stream_idx :3896
************
data  :nopqrstuvw
CHECKPOINT :3897
PUSH :nopqrstuvw :stream_idx :3897
************
data  :opqrs
CHECKPOINT :3907
PUSH :opqrs :stream_idx :3907
************
data  :pqrstuvwxy
CHECKPOINT :3912
PUSH :pqrstuvwxy :stream_idx :3912
************
data  :qrstuvwx
CHECKPOINT :3922
PUSH :qrstuvwx :stream_idx :3922
************
data  :rstuvw
CHECKPOINT :3930
PUSH :rstuvw :stream_idx :3930
************
data  :stuvw
CHECKPOINT :3936
PUSH :stuvw :stream_idx :3936
************
data  :t
CHECKPOINT :3941
PUSH :t :stream_idx :3941
************
data  :uvwxy
CHECKPOINT :3942
PUSH :uvwxy :stream_idx :3942
************
data  :vw
CHECKPOINT :3947
PUSH :vw :stream_idx :3947
************
data  :wxyzabc
CHECKPOINT :3949
PUSH :wxyzabc :stream_idx :3949
************
data  :xyzabcd
CHECKPOINT :3956
PUSH :xyzabcd :stream_idx :3956
************
data  :yzabcdefgh
CHECKPOINT :3963
PUSH :yzabcdefgh :stream_idx :3963
************
data  :zabcdefg
CHECKPOINT :3973
PUSH :zabcdefg :stream_idx :3973
************
data  :a
CHECKPOINT :3981
PUSH :a :stream_idx :3981
************
data  :bcdefghijk
CHECKPOINT :3982
PUSH :bcdefghijk :stream_idx :3982
************
data  :cdefghijk
CHECKPOINT :3992
PUSH :cdefghijk :stream_idx :3992
************
data  :def
CHECKPOINT :4001
PUSH :def :stream_idx :4001
************
data  :efgh
CHECKPOINT :4004
PUSH :efgh :stream_idx :4004
************
data  :fgh
CHECKPOINT :4008
PUSH :fgh :stream_idx :4008
************
data  :g
CHECKPOINT :4011
PUSH :g :stream_idx :4011
************
data  :h
CHECKPOINT :4012
PUSH :h :stream_idx :4012
************
data  :ijklmnopq
CHECKPOINT :4013
PUSH :ijklmnopq :stream_idx :4013
************
data  :jklmnop
CHECKPOINT :4022
PUSH :jklmnop :stream_idx :4022
************
data  :kl
CHECKPOINT :4029
PUSH :kl :stream_idx :4029
************
data  :lm
CHECKPOINT :4031
PUSH :lm :stream_idx :4031
************
data  :mn
CHECKPOINT :4033
PUSH :mn :stream_idx :4033
************
data  :nopqrstuv
CHECKPOINT :4035
PUSH :nopqrstuv :stream_idx :4035
************
data  :opqr
CHECKPOINT :4044
PUSH :opqr :stream_idx :4044
************
data  :pqrstuvwxy
CHECKPOINT :4048
PUSH :pqrstuvwxy :stream_idx :4048
************
data  :qrstuvwxy
CHECKPOINT :4058
PUSH :qrstuvwxy :stream_idx :4058
************
data  :rstuvwxyz
CHECKPOINT :4067
PUSH :rstuvwxyz :stream_idx :4067
************
data  :stu
CHECKPOINT :4076
PUSH :stu :stream_idx :4076
************
data  :tuvwxy
CHECKPOINT :4079
PUSH :tuvwxy :stream_idx :4079
************
data  :uvw
CHECKPOINT :4085
PUSH :uvw :stream_idx :4085
************
data  :vwxyzabc
CHECKPOINT :4088
PUSH :vwxyzabc :stream_idx :4088
************
data  :wxyz
CHECKPOINT :4096
PUSH :wxyz :stream_idx :4096
************
data  :xyzabcdefg
CHECKPOINT :4100
PUSH :xyzabcdefg :stream_idx :4100
************
data  :yzabcd
CHECKPOINT :4110
PUSH :yzabcd :stream_idx :4110
************
data  :zabcdefgh
CHECKPOINT :4116
PUSH :zabcdefgh :stream_idx :4116
************
data  :abcdefg
CHECKPOINT :4125
PUSH :abcdefg :stream_idx :4125
************
data  :bcdefg
CHECKPOINT :4132
PUSH :bcdefg :stream_idx :4132
************
data  :cdefghi
CHECKPOINT :4138
PUSH :cdefghi :stream_idx :4138
************
data  :de
CHECKPOINT :4145
PUSH :de :stream_idx :4145
************
data  :efghijkl
CHECKPOINT :4147
PUSH :efghijkl :stream_idx :4147
************
data  :fghijklm
CHECKPOINT :4155
PUSH :fghijklm :stream_idx :4155
************
data  :ghijklm
CHECKPOINT :4163
PUSH :ghijklm :stream_idx :4163
************
data  :hijklmn
CHECKPOINT :4170
PUSH :hijklmn :stream_idx :4170
************
data  :i
CHECKPOINT :4177
PUSH :i :stream_idx :4177
************
data  :jkl
CHECKPOINT :4178
PUSH :jkl :stream_idx :4178
************
data  :klmnopqrs
CHECKPOINT :4181
PUSH :klmnopqrs :stream_idx :4181
************
data  :lmnopqrstu
CHECKPOINT :4190
PUSH :lmnopqrstu :stream_idx :4190
************
data  :m
CHECKPOINT :4200
PUSH :m :stream_idx :4200
************
data  :nopqrstuvw
CHECKPOINT :4201
PUSH :nopqrstuvw :stream_idx :4201
************
data  :opqrst
CHECKPOINT :4211
PUSH :opqrst :stream_idx :4211
************
data  :p
CHECKPOINT :4217
PUSH :p :stream_idx :4217
************
data  :qrstuvwxyz
CHECKPOINT :4218
PUSH :qrstuvwxyz :stream_idx :4218
************
data  :rst
CHECKPOINT :4228
PUSH :rst :stream_idx :4228
************
data  :stuv
CHECKPOINT :4231
PUSH :stuv :stream_idx :4231
************
data  :tuvwx
CHECKPOINT :4235
PUSH :tuvwx :stream_idx :4235
************
data  :uvwxyzabcd
CHECKPOINT :4240
PUSH :uvwxyzabcd :stream_idx :4240
************
data  :v
CHECKPOINT :4250
PUSH :v :stream_idx :4250
************
data  :wxyz
CHECKPOINT :4251
PUSH :wxyz :stream_idx :4251
************
data  :xyzabcdefg
CHECKPOINT :4255
PUSH :xyzabcdefg :stream_idx :4255
************
data  :yzabcdefgh
CHECKPOINT :4265
PUSH :yzabcdefgh :stream_idx :4265
************
data  :zabcdef
CHECKPOINT :4275
PUSH :zabcdef :stream_idx :4275
************
data  :ab
CHECKPOINT :4282
PUSH :ab :stream_idx :4282
************
data  :b
CHECKPOINT :4284
PUSH :b :stream_idx :4284
************
data  :cdefghijkl
CHECKPOINT :4285
PUSH :cdefghijkl :stream_idx :4285
************
data  :d
CHECKPOINT :4295
PUSH :d :stream_idx :4295
************
data  :efghijkl
CHECKPOINT :4296
PUSH :efghijkl :stream_idx :4296
************
data  :fghijkl
CHECKPOINT :4304
PUSH :fghijkl :stream_idx :4304
************
data  :gh
CHECKPOINT :4311
PUSH :gh :stream_idx :4311
************
data  :hi
CHECKPOINT :4313
PUSH :hi :stream_idx :4313
************
data  :ijk
CHECKPOINT :4315
PUSH :ijk :stream_idx :4315
************
data  :jklmn
CHECKPOINT :4318
PUSH :jklmn :stream_idx :4318
************
data  :k
CHECKPOINT :4323
PUSH :k :stream_idx :4323
************
data  :lmnopqrst
CHECKPOINT :4324
PUSH :lmnopqrst :stream_idx :4324
************
data  :mnopqrs
CHECKPOINT :4333
PUSH :mnopqrs :stream_idx :4333
************
data  :nopqrstu
CHECKPOINT :4340
PUSH :nopqrstu :stream_idx :4340
************
data  :opqrstuvwx
CHECKPOINT :4348
PUSH :opqrstuvwx :stream_idx :4348
************
data  :pqrs
CHECKPOINT :4358
PUSH :pqrs :stream_idx :4358
************
data  :q
CHECKPOINT :4362
PUSH :q :stream_idx :4362
************
data  :rstuvwxyza
CHECKPOINT :4363
PUSH :rstuvwxyza :stream_idx :4363
************
data  :stuvw
CHECKPOINT :4373
PUSH :stuvw :stream_idx :4373
************
data  :tuvwxyza
CHECKPOINT :4378
PUSH :tuvwxyza :stream_idx :4378
************
data  :u
CHECKPOINT :4386
PUSH :u :stream_idx :4386
************
data  :vwx
CHECKPOINT :4387
PUSH :vwx :stream_idx :4387
************
data  :wxyzab
CHECKPOINT :4390
PUSH :wxyzab :stream_idx :4390
************
data  :xyzabcdef
CHECKPOINT :4396
PUSH :xyzabcdef :stream_idx :4396
************
data  :yzabcd
CHECKPOINT :4405
PUSH :yzabcd :stream_idx :4405
************
data  :zab
CHECKPOINT :4411
PUSH :zab :stream_idx :4411
************
data  :abcde
CHECKPOINT :4414
PUSH :abcde :stream_idx :4414
************
data  :bcdefghijk
CHECKPOINT :4419
PUSH :bcdefghijk :stream_idx :4419
************
data  :cdefghijk
CHECKPOINT :4429
PUSH :cdefghijk :stream_idx :4429
************
data  :defghijk
CHECKPOINT :4438
PUSH :defghijk :stream_idx :4438
************
data  :efg
CHECKPOINT :4446
PUSH :efg :stream_idx :4446
************
data  :fgh
CHECKPOINT :4449
PUSH :fgh :stream_idx :4449
************
data  :ghijklmno
CHECKPOINT :4452
PUSH :ghijklmno :stream_idx :4452
************
data  :hijk
CHECKPOINT :4461
PUSH :hijk :stream_idx :4461
************
data  :ijklmnopq
CHECKPOINT :4465
PUSH :ijklmnopq :stream_idx :4465
************
data  :jklm
CHECKPOINT :4474
PUSH :jklm :stream_idx :4474
************
data  :klmnop
CHECKPOINT :4478
PUSH :klmnop :stream_idx :4478
************
data  :lmnopqrst
CHECKPOINT :4484
PUSH :lmnopqrst :stream_idx :4484
************
data  :mnopq
CHECKPOINT :4493
PUSH :mnopq :stream_idx :4493
************
data  :nopqrstu
CHECKPOINT :4498
PUSH :nopqrstu :stream_idx :4498
************
data  :opq
CHECKPOINT :4506
PUSH :opq :stream_idx :4506
************
data  :p
CHECKPOINT :4509
PUSH :p :stream_idx :4509
************
data  :qrstu
CHECKPOINT :4510
PUSH :qrstu :stream_idx :4510
************
data  :rstuvwx
CHECKPOINT :4515
PUSH :rstuvwx :stream_idx :4515
************
data  :s
CHECKPOINT :4522
PUSH :s :stream_idx :4522
************
data  :tuvw
CHECKPOINT :4523
PUSH :tuvw :stream_idx :4523
************
data  :u
CHECKPOINT :4527
PUSH :u :stream_idx :4527
************
data  :vwxyzab
CHECKPOINT :4528
PUSH :vwxyzab :stream_idx :4528
************
data  :wxyzabcde
CHECKPOINT :4535
PUSH :wxyzabcde :stream_idx :4535
************
data  :xyzabcde
CHECKPOINT :4544
PUSH :xyzabcde :stream_idx :4544
************
data  :yza
CHECKPOINT :4552
PUSH :yza :stream_idx :4552
************
data  :zab
CHECKPOINT :4555
PUSH :zab :stream_idx :4555
************
data  :ab
CHECKPOINT :4558
PUSH :ab :stream_idx :4558
************
data  :bc
CHECKPOINT :4560
PUSH :bc :stream_idx :4560
************
data  :cdef
CHECKPOINT :4562
PUSH :cdef :stream_idx :4562
************
data  :def
CHECKPOINT :4566
PUSH :def :stream_idx :4566
************
data  :efghijk
CHECKPOINT :4569
PUSH :efghijk :stream_idx :4569
************
data  :fghi
CHECKPOINT :4576
PUSH :fghi :stream_idx :4576
************
data  :ghijk
CHECKPOINT :4580
PUSH :ghijk :stream_idx :4580
************
data  :hijklmnop
CHECKPOINT :4585
PUSH :hijklmnop :stream_idx :4585
************
data  :ijklmn
CHECKPOINT :4594
PUSH :ijklmn :stream_idx :4594
************
data  :jklmnopqrs
CHECKPOINT :4600
PUSH :jklmnopqrs :stream_idx :4600
************
data  :kl
CHECKPOINT :4610
PUSH :kl :stream_idx :4610
************
data  :lmnopqrs
CHECKPOINT :4612
PUSH :lmnopqrs :stream_idx :4612
************
data  :mnopqrstu
CHECKPOINT :4620
PUSH :mnopqrstu :stream_idx :4620
************
data  :no
CHECKPOINT :4629
PUSH :no :stream_idx :4629
************
data  :opqrstuv
CHECKPOINT :4631
PUSH :opqrstuv :stream_idx :4631
************
data  :pqrstuv
CHECKPOINT :4639
PUSH :pqrstuv :stream_idx :4639
************
data  :qrstuvwxyz
CHECKPOINT :4646
PUSH :qrstuvwxyz :stream_idx :4646
************
data  :rs
CHECKPOINT :4656
PUSH :rs :stream_idx :4656
************
data  :stu
CHECKPOINT :4658
PUSH :stu :stream_idx :4658
************
data  :tuvwxyza
CHECKPOINT :4661
PUSH :tuvwxyza :stream_idx :4661
************
data  :uvwxyza
CHECKPOINT :4669
PUSH :uvwxyza :stream_idx :4669
************
data  :vwxy
CHECKPOINT :4676
PUSH :vwxy :stream_idx :4676
************
data  :wxy
CHECKPOINT :4680
PUSH :wxy :stream_idx :4680
************
data  :xyza
CHECKPOINT :4683
PUSH :xyza :stream_idx :4683
************
data  :yzabc
CHECKPOINT :4687
PUSH :yzabc :stream_idx :4687
************
data  :zabcdefg
CHECKPOINT :4692
PUSH :zabcdefg :stream_idx :4692
************
data  :abc
CHECKPOINT :4700
PUSH :abc :stream_idx :4700
************
data  :bcdefgh
CHECKPOINT :4703
PUSH :bcdefgh :stream_idx :4703
************
data  :cd
CHECKPOINT :4710
PUSH :cd :stream_idx :4710
************
data  :defgh
CHECKPOINT :4712
PUSH :defgh :stream_idx :4712
************
data  :efg
CHECKPOINT :4717
PUSH :efg :stream_idx :4717
************
data  :fghijk
CHECKPOINT :4720
PUSH :fghijk :stream_idx :4720
************
data  :g
CHECKPOINT :4726
PUSH :g :stream_idx :4726
************
data  :hijklmn
CHECKPOINT :4727
PUSH :hijklmn :stream_idx :4727
************
data  :ijklmno
CHECKPOINT :4734
PUSH :ijklmno :stream_idx :4734
************
data  :jklmnopq
CHECKPOINT :4741
PUSH :jklmnopq :stream_idx :4741
************
data  :klmnopq
CHECKPOINT :4749
PUSH :klmnopq :stream_idx :4749
************
data  :lmnopq
CHECKPOINT :4756
PUSH :lmnopq :stream_idx :4756
************
data  :mno
CHECKPOINT :4762
PUSH :mno :stream_idx :4762
************
data  :nopqrst
CHECKPOINT :4765
PUSH :nopqrst :stream_idx :4765
************
data  :opq
CHECKPOINT :4772
PUSH :opq :stream_idx :4772
************
data  :pqrstuvwxy
CHECKPOINT :4775
PUSH :pqrstuvwxy :stream_idx :4775
************
data  :qrstuvwx
CHECKPOINT :4785
PUSH :qrstuvwx :stream_idx :4785
************
data  :rstuv
CHECKPOINT :4793
PUSH :rstuv :stream_idx :4793
************
data  :stuvwx
CHECKPOINT :4798
PUSH :stuvwx :stream_idx :4798
************
data  :tuvwxyza
CHECKPOINT :4804
PUSH :tuvwxyza :stream_idx :4804
************
data  :uvwxyzabcd
CHECKPOINT :4812
PUSH :uvwxyzabcd :stream_idx :4812
************
data  :vwxyzabc
CHECKPOINT :4822
PUSH :vwxyzabc :stream_idx :4822
************
data  :wxyzabcd
CHECKPOINT :4830
PUSH :wxyzabcd :stream_idx :4830
************
data  :xyzab
CHECKPOINT :4838
PUSH :xyzab :stream_idx :4838
************
data  :yza
CHECKPOINT :4843
PUSH :yza :stream_idx :4843
************
data  :z
CHECKPOINT :4846
PUSH :z :stream_idx :4846
************
data  :abcdefghi
CHECKPOINT :4847
PUSH :abcdefghi :stream_idx :4847
************
data  :bcde
CHECKPOINT :4856
PUSH :bcde :stream_idx :4856
************
data  :cdef
CHECKPOINT :4860
PUSH :cdef :stream_idx :4860
************
data  :de
CHECKPOINT :4864
PUSH :de :stream_idx :4864
************
data  :efghi
CHECKPOINT :4866
PUSH :efghi :stream_idx :4866
************
data  :fghijklm
CHECKPOINT :4871
PUSH :fghijklm :stream_idx :4871
************
data  :ghijklmno
CHECKPOINT :4879
PUSH :ghijklmno :stream_idx :4879
************
data  :hijklmnop
CHECKPOINT :4888
PUSH :hijklmnop :stream_idx :4888
************
data  :ijklmnop
CHECKPOINT :4897
PUSH :ijklmnop :stream_idx :4897
************
data  :jklmno
CHECKPOINT :4905
PUSH :jklmno :stream_idx :4905
************
data  :klmnopqrs
CHECKPOINT :4911
PUSH :klmnopqrs :stream_idx :4911
************
data  :lmnop
CHECKPOINT :4920
PUSH :lmnop :stream_idx :4920
************
data  :mno
CHECKPOINT :4925
PUSH :mno :stream_idx :4925
************
data  :no
CHECKPOINT :4928
PUSH :no :stream_idx :4928
************
data  :opqrstu
CHECKPOINT :4930
PUSH :opqrstu :stream_idx :4930
************
data  :p
CHECKPOINT :4937
PUSH :p :stream_idx :4937
************
data  :qr
CHECKPOINT :4938
PUSH :qr :stream_idx :4938
************
data  :r
CHECKPOINT :4940
PUSH :r :stream_idx :4940
************
data  :s
CHECKPOINT :4941
PUSH :s :stream_idx :4941
************
data  :tuvwx
CHECKPOINT :4942
PUSH :tuvwx :stream_idx :4942
************
data  :uvwxyzabc
CHECKPOINT :4947
PUSH :uvwxyzabc :stream_idx :4947
************
data  :vwxyza
CHECKPOINT :4956
PUSH :vwxyza :stream_idx :4956
************
data  :wxyzabcd
CHECKPOINT :4962
PUSH :wxyzabcd :stream_idx :4962
************
data  :xyza
CHECKPOINT :4970
PUSH :xyza :stream_idx :4970
************
data  :yzabcdefg
CHECKPOINT :4974
PUSH :yzabcdefg :stream_idx :4974
************
data  :zab
CHECKPOINT :4983
PUSH :zab :stream_idx :4983
************
data  :abcd
CHECKPOINT :4986
PUSH :abcd :stream_idx :4986
************
data  :bcdefghi
CHECKPOINT :4990
PUSH :bcdefghi :stream_idx :4990
************
data  :cd
CHECKPOINT :4998
PUSH :cd :stream_idx :4998
************
data  :defgh
CHECKPOINT :5000
PUSH :defgh :stream_idx :5000
************
data  :ef
CHECKPOINT :5005
PUSH :ef :stream_idx :5005
************
data  :fghijklmn
CHECKPOINT :5007
PUSH :fghijklmn :stream_idx :5007
************
data  :gh
CHECKPOINT :5016
PUSH :gh :stream_idx :5016
************
data  :hi
CHECKPOINT :5018
PUSH :hi :stream_idx :5018
************
data  :ijklm
CHECKPOINT :5020
PUSH :ijklm :stream_idx :5020
************
data  :jklmnopqr
CHECKPOINT :5025
PUSH :jklmnopqr :stream_idx :5025
************
data  :klmnop
CHECKPOINT :5034
PUSH :klmnop :stream_idx :5034
************
data  :lmnopqrst
CHECKPOINT :5040
PUSH :lmnopqrst :stream_idx :5040
************
data  :mnopqrst
CHECKPOINT :5049
PUSH :mnopqrst :stream_idx :5049
************
data  :nopqrst
CHECKPOINT :5057
PUSH :nopqrst :stream_idx :5057
************
data  :opqrstuvw
CHECKPOINT :5064
PUSH :opqrstuvw :stream_idx :5064
************
data  :p
CHECKPOINT :5073
PUSH :p :stream_idx :5073
************
data  :qrstu
CHECKPOINT :5074
PUSH :qrstu :stream_idx :5074
************
data  :rstu
CHECKPOINT :5079
PUSH :rstu :stream_idx :5079
************
data  :stuv
CHECKPOINT :5083
PUSH :stuv :stream_idx :5083
************
data  :tuvw
CHECKPOINT :5087
PUSH :tuvw :stream_idx :5087
************
data  :uvwxyzabcd
CHECKPOINT :5091
PUSH :uvwxyzabcd :stream_idx :5091
************
data  :vwxyzabcd
CHECKPOINT :5101
PUSH :vwxyzabcd :stream_idx :5101
************
data  :wxyz
CHECKPOINT :5110
PUSH :wxyz :stream_idx :5110
************
data  :xyzabcde
CHECKPOINT :5114
PUSH :xyzabcde :stream_idx :5114
************
data  :yzabcd
CHECKPOINT :5122
PUSH :yzabcd :stream_idx :5122
************
data  :zabc
CHECKPOINT :5128
PUSH :zabc :stream_idx :5128
************
data  :abcde
CHECKPOINT :5132
PUSH :abcde :stream_idx :5132
************
data  :bcd
CHECKPOINT :5137
PUSH :bcd :stream_idx :5137
************
data  :cdefgh
CHECKPOINT :5140
PUSH :cdefgh :stream_idx :5140
************
data  :def
CHECKPOINT :5146
PUSH :def :stream_idx :5146
************
data  :ef
CHECKPOINT :5149
PUSH :ef :stream_idx :5149
************
data  :f
CHECKPOINT :5151
PUSH :f :stream_idx :5151
************
data  :ghijkl
CHECKPOINT :5152
PUSH :ghijkl :stream_idx :5152
************
data  :hijkl
CHECKPOINT :5158
PUSH :hijkl :stream_idx :5158
************
data  :ijk
CHECKPOINT :5163
PUSH :ijk :stream_idx :5163
************
data  :jklmnop
CHECKPOINT :5166
PUSH :jklmnop :stream_idx :5166
************
data  :klmn
CHECKPOINT :5173
PUSH :klmn :stream_idx :5173
************
data  :lmnopq
CHECKPOINT :5177
PUSH :lmnopq :stream_idx :5177
************
data  :mnopqr
CHECKPOINT :5183
PUSH :mnopqr :stream_idx :5183
************
data  :no
CHECKPOINT :5189
PUSH :no :stream_idx :5189
************
data  :o
CHECKPOINT :5191
PUSH :o :stream_idx :5191
************
data  :pqrstu
CHECKPOINT :5192
PUSH :pqrstu :stream_idx :5192
************
data  :qrstuvwxy
CHECKPOINT :5198
PUSH :qrstuvwxy :stream_idx :5198
************
data  :rs
CHECKPOINT :5207
PUSH :rs :stream_idx :5207
************
data  :stuvwxyz
CHECKPOINT :5209
PUSH :stuvwxyz :stream_idx :5209
************
data  :tuv
CHECKPOINT :5217
PUSH :tuv :stream_idx :5217
************
data  :uvwxy
CHECKPOINT :5220
PUSH :uvwxy :stream_idx :5220
************
data  :vwxyzab
CHECKPOINT :5225
PUSH :vwxyzab :stream_idx :5225
************
data  :wxyzabcdef
CHECKPOINT :5232
PUSH :wxyzabcdef :stream_idx :5232
************
data  :xyzab
CHECKPOINT :5242
PUSH :xyzab :stream_idx :5242
************
data  :yz
CHECKPOINT :5247
PUSH :yz :stream_idx :5247
************
data  :za
CHECKPOINT :5249
PUSH :za :stream_idx :5249
************
data  :abcde
CHECKPOINT :5251
PUSH :abcde :stream_idx :5251
************
data  :b
CHECKPOINT :5256
PUSH :b :stream_idx :5256
************
data  :cdefg
CHECKPOINT :5257
PUSH :cdefg :stream_idx :5257
************
data  :defghijklm
CHECKPOINT :5262
PUSH :defghijklm :stream_idx :5262
************
data  :efgh
CHECKPOINT :5272
PUSH :efgh :stream_idx :5272
************
data  :fghijklm
CHECKPOINT :5276
PUSH :fghijklm :stream_idx :5276
************
data  :ghijklmn
CHECKPOINT :5284
PUSH :ghijklmn :stream_idx :5284
************
data  :hijklmnop
CHECKPOINT :5292
PUSH :hijklmnop :stream_idx :5292
************
data  :i
CHECKPOINT :5301
PUSH :i :stream_idx :5301
************
data  :jklmnopqr
CHECKPOINT :5302
PUSH :jklmnopqr :stream_idx :5302
************
data  :klmnopq
CHECKPOINT :5311
PUSH :klmnopq :stream_idx :5311
************
data  :lmnopqrst
CHECKPOINT :5318
PUSH :lmnopqrst :stream_idx :5318
************
data  :mnopqrstuv
CHECKPOINT :5327
PUSH :mnopqrstuv :stream_idx :5327
************
data  :nopq
CHECKPOINT :5337
PUSH :nopq :stream_idx :5337
************
data  :opqr
CHECKPOINT :5341
PUSH :opqr :stream_idx :5341
************
data  :pqrst
CHECKPOINT :5345
PUSH :pqrst :stream_idx :5345
************
data  :qrstuvwx
CHECKPOINT :5350
PUSH :qrstuvwx :stream_idx :5350
************
data  :rstuvwx
CHECKPOINT :5358
PUSH :rstuvwx :stream_idx :5358
************
data  :s
CHECKPOINT :5365
PUSH :s :stream_idx :5365
************
data  :tu
CHECKPOINT :5366
PUSH :tu :stream_idx :5366
************
data  :uvwxyzab
CHECKPOINT :5368
PUSH :uvwxyzab :stream_idx :5368
************
data  :vwxyzabcd
CHECKPOINT :5376
PUSH :vwxyzabcd :stream_idx :5376
************
data  :wxyzab
CHECKPOINT :5385
PUSH :wxyzab :stream_idx :5385
************
data  :xyzabcdef
CHECKPOINT :5391
PUSH :xyzabcdef :stream_idx :5391
************
data  :y
CHECKPOINT :5400
PUSH :y :stream_idx :5400
************
data  :za
CHECKPOINT :5401
PUSH :za :stream_idx :5401
************
data  :a
CHECKPOINT :5403
PUSH :a :stream_idx :5403
************
data  :bcde
CHECKPOINT :5404
PUSH :bcde :stream_idx :5404
************
data  :cdefghij
CHECKPOINT :5408
PUSH :cdefghij :stream_idx :5408
************
data  :defghijklm
CHECKPOINT :5416
PUSH :defghijklm :stream_idx :5416
************
data  :e
CHECKPOINT :5426
[...]
************
data  :abcde
CHECKPOINT :54323
PUSH :abcde :stream_idx :54323
************
data  :bcdefgh
CHECKPOINT :54328
PUSH :bcdefgh :stream_idx :54328
************
data  :cd
CHECKPOINT :54335
PUSH :cd :stream_idx :54335
************
data  :defghij
CHECKPOINT :54337
PUSH :defghij :stream_idx :54337
************
data  :efghijklm
CHECKPOINT :54344
PUSH :efghijklm :stream_idx :54344
************
data  :fgh
CHECKPOINT :54353
PUSH :fgh :stream_idx :54353
************
data  :ghijkl
CHECKPOINT :54356
PUSH :ghijkl :stream_idx :54356
************
data  :h
CHECKPOINT :54362
PUSH :h :stream_idx :54362
************
data  :ijklmnopqr
CHECKPOINT :54363
PUSH :ijklmnopqr :stream_idx :54363
************
data  :jklm
CHECKPOINT :54373
PUSH :jklm :stream_idx :54373
************
data  :klmnop
CHECKPOINT :54377
PUSH :klmnop :stream_idx :54377
************
data  :lmnopqrstu
CHECKPOINT :54383
PUSH :lmnopqrstu :stream_idx :54383
************
data  :mnopqrstuv
CHECKPOINT :54393
PUSH :mnopqrstuv :stream_idx :54393
************
data  :nopqrstuvw
CHECKPOINT :54403
PUSH :nopqrstuvw :stream_idx :54403
************
data  :o
CHECKPOINT :54413
PUSH :o :stream_idx :54413
************
data  :pq
CHECKPOINT :54414
PUSH :pq :stream_idx :54414
************
data  :qr
CHECKPOINT :54416
PUSH :qr :stream_idx :54416
************
data  :rstuvwxy
CHECKPOINT :54418
PUSH :rstuvwxy :stream_idx :54418
************
data  :stuv
CHECKPOINT :54426
PUSH :stuv :stream_idx :54426
************
data  :tuvwxyz
CHECKPOINT :54430
PUSH :tuvwxyz :stream_idx :54430
************
data  :uvwx
CHECKPOINT :54437
PUSH :uvwx :stream_idx :54437
************
data  :vwxyzab
CHECKPOINT :54441
PUSH :vwxyzab :stream_idx :54441
************
data  :wxyzabc
CHECKPOINT :54448
PUSH :wxyzabc :stream_idx :54448
************
data  :xyzabcde
CHECKPOINT :54455
PUSH :xyzabcde :stream_idx :54455
************
data  :yza
CHECKPOINT :54463
PUSH :yza :stream_idx :54463
************
data  :zabcdefg
CHECKPOINT :54466
PUSH :zabcdefg :stream_idx :54466
************
data  :abcde
CHECKPOINT :54474
PUSH :abcde :stream_idx :54474
************
data  :bcdefghi
CHECKPOINT :54479
PUSH :bcdefghi :stream_idx :54479
************
data  :cde
CHECKPOINT :54487
PUSH :cde :stream_idx :54487
************
data  :defghijk
CHECKPOINT :54490
PUSH :defghijk :stream_idx :54490
************
data  :ef
CHECKPOINT :54498
PUSH :ef :stream_idx :54498
************
data  :fghi
CHECKPOINT :54500
PUSH :fghi :stream_idx :54500
************
data  :gh
CHECKPOINT :54504
PUSH :gh :stream_idx :54504
************
data  :hijklmnop
CHECKPOINT :54506
PUSH :hijklmnop :stream_idx :54506
************
data  :ijklmn
CHECKPOINT :54515
PUSH :ijklmn :stream_idx :54515
************
data  :jklmnopqrs
CHECKPOINT :54521
PUSH :jklmnopqrs :stream_idx :54521
************
data  :kl
CHECKPOINT :54531
PUSH :kl :stream_idx :54531
************
data  :lmnop
CHECKPOINT :54533
PUSH :lmnop :stream_idx :54533
************
data  :mn
CHECKPOINT :54538
PUSH :mn :stream_idx :54538
************
data  :nopq
CHECKPOINT :54540
PUSH :nopq :stream_idx :54540
************
data  :opqrst
CHECKPOINT :54544
PUSH :opqrst :stream_idx :54544
************
data  :pqrst
CHECKPOINT :54550
PUSH :pqrst :stream_idx :54550
************
data  :
CHECKPOINT :0
PUSH : :stream_idx :238
************
data  :abcd
CHECKPOINT :0
PUSH :abcd :stream_idx :0
************
data  :bcdefg
CHECKPOINT :4
PUSH :bcdefg :stream_idx :4
************
data  :cdefghi
CHECKPOINT :10
PUSH :cdefghi :stream_idx :10
************
data  :def
CHECKPOINT :17
PUSH :def :stream_idx :17
************
data  :ef
CHECKPOINT :20
PUSH :ef :stream_idx :20
************
data  :fgh
CHECKPOINT :22
PUSH :fgh :stream_idx :22
************
data  :gh
CHECKPOINT :25
PUSH :gh :stream_idx :25
************
data  :h
CHECKPOINT :27
PUSH :h :stream_idx :27
************
data  :i
CHECKPOINT :28
PUSH :i :stream_idx :28
************
data  :jklmnopq
CHECKPOINT :29
PUSH :jklmnopq :stream_idx :29
************
data  :klm
CHECKPOINT :37
PUSH :klm :stream_idx :37
************
data  :l
CHECKPOINT :40
PUSH :l :stream_idx :40
************
data  :mnopqrstu
CHECKPOINT :41
PUSH :mnopqrstu :stream_idx :41
************
data  :nopqrstuvw
CHECKPOINT :50
PUSH :nopqrstuvw :stream_idx :50
************
data  :opqrs
CHECKPOINT :60
PUSH :opqrs :stream_idx :60
************
data  :pqrstuvwxy
CHECKPOINT :65
PUSH :pqrstuvwxy :stream_idx :65
************
data  :qrstuvw
CHECKPOINT :75
PUSH :qrstuvw :stream_idx :75
************
data  :rstuvwxyz
CHECKPOINT :82
PUSH :rstuvwxyz :stream_idx :82
************
data  :st
CHECKPOINT :91
PUSH :st :stream_idx :91
************
data  :tuvwxy
CHECKPOINT :93
PUSH :tuvwxy :stream_idx :93
************
data  :uvwxy
CHECKPOINT :99
PUSH :uvwxy :stream_idx :99
************
data  :vwxy
CHECKPOINT :104
PUSH :vwxy :stream_idx :104
************
data  :wxyzabcd
CHECKPOINT :108
PUSH :wxyzabcd :stream_idx :108
************
data  :x
CHECKPOINT :116
PUSH :x :stream_idx :116
************
data  :yza
CHECKPOINT :117
PUSH :yza :stream_idx :117
************
data  :zabcdefghi
CHECKPOINT :120
PUSH :zabcdefghi :stream_idx :120
************
data  :abcdefgh
CHECKPOINT :130
PUSH :abcdefgh :stream_idx :130
************
data  :bcdef
CHECKPOINT :138
PUSH :bcdef :stream_idx :138
************
data  :cdefghij
CHECKPOINT :143
PUSH :cdefghij :stream_idx :143
************
data  :defghijkl
CHECKPOINT :151
PUSH :defghijkl :stream_idx :151
************
data  :efghij
CHECKPOINT :160
PUSH :efghij :stream_idx :160
************
data  :fghijk
CHECKPOINT :166
PUSH :fghijk :stream_idx :166
************
data  :ghij
CHECKPOINT :172
PUSH :ghij :stream_idx :172
************
data  :hijklm
CHECKPOINT :176
PUSH :hijklm :stream_idx :176
************
data  :ijklmnopq
CHECKPOINT :182
PUSH :ijklmnopq :stream_idx :182
************
data  :j
CHECKPOINT :191
PUSH :j :stream_idx :191
************
data  :klmnopqr
CHECKPOINT :192
PUSH :klmnopqr :stream_idx :192
************
data  :lmnopqrstu
CHECKPOINT :200
PUSH :lmnopqrstu :stream_idx :200
************
data  :mnopqr
CHECKPOINT :210
PUSH :mnopqr :stream_idx :210
************
data  :no
CHECKPOINT :216
PUSH :no :stream_idx :216
************
data  :opqrstuvwx
CHECKPOINT :218
PUSH :opqrstuvwx :stream_idx :218
************
data  :p
CHECKPOINT :228
PUSH :p :stream_idx :228
************
data  :qrstuvwx
CHECKPOINT :229
PUSH :qrstuvwx :stream_idx :229
************
data  :rstuvw
CHECKPOINT :237
PUSH :rstuvw :stream_idx :237
************
data  :stuvwxy
CHECKPOINT :243
PUSH :stuvwxy :stream_idx :243
************
data  :tuvw
CHECKPOINT :250
PUSH :tuvw :stream_idx :250
************
data  :uvw
CHECKPOINT :254
PUSH :uvw :stream_idx :254
************
data  :vwxyza
CHECKPOINT :257
PUSH :vwxyza :stream_idx :257
************
data  :wxyzab
CHECKPOINT :263
PUSH :wxyzab :stream_idx :263
************
data  :xyzabc
CHECKPOINT :269
PUSH :xyzabc :stream_idx :269
************
data  :yz
CHECKPOINT :275
PUSH :yz :stream_idx :275
************
data  :zabcdefg
CHECKPOINT :277
PUSH :zabcdefg :stream_idx :277
************
data  :abcdefgh
CHECKPOINT :285
PUSH :abcdefgh :stream_idx :285
************
data  :bcdefgh
CHECKPOINT :293
PUSH :bcdefgh :stream_idx :293
************
data  :c
CHECKPOINT :300
PUSH :c :stream_idx :300
************
data  :defgh
CHECKPOINT :301
PUSH :defgh :stream_idx :301
************
data  :efghi
CHECKPOINT :306
PUSH :efghi :stream_idx :306
************
data  :fghijkl
CHECKPOINT :311
PUSH :fghijkl :stream_idx :311
************
data  :ghi
CHECKPOINT :318
PUSH :ghi :stream_idx :318
************
data  :hijk
CHECKPOINT :321
PUSH :hijk :stream_idx :321
************
data  :ijk
CHECKPOINT :325
PUSH :ijk :stream_idx :325
************
data  :jklmnopqrs
CHECKPOINT :328
PUSH :jklmnopqrs :stream_idx :328
************
data  :klmnopqrs
CHECKPOINT :338
PUSH :klmnopqrs :stream_idx :338
************
data  :lm
CHECKPOINT :347
PUSH :lm :stream_idx :347
************
data  :mnop
CHECKPOINT :349
PUSH :mnop :stream_idx :349
************
data  :nopqrstuvw
CHECKPOINT :353
PUSH :nopqrstuvw :stream_idx :353
************
data  :opqrstuvw
CHECKPOINT :363
PUSH :opqrstuvw :stream_idx :363
************
data  :pqrstuvw
CHECKPOINT :372
PUSH :pqrstuvw :stream_idx :372
************
data  :qrstuvwxy
CHECKPOINT :380
PUSH :qrstuvwxy :stream_idx :380
************
data  :r
CHECKPOINT :389
PUSH :r :stream_idx :389
************
data  :stuvwxyza
CHECKPOINT :390
PUSH :stuvwxyza :stream_idx :390
************
data  :tuvw
CHECKPOINT :399
PUSH :tuvw :stream_idx :399
************
data  :uvwx
CHECKPOINT :403
PUSH :uvwx :stream_idx :403
************
data  :vw
CHECKPOINT :407
PUSH :vw :stream_idx :407
************
data  :wxyzab
CHECKPOINT :409
PUSH :wxyzab :stream_idx :409
************
data  :xyzab
CHECKPOINT :415
PUSH :xyzab :stream_idx :415
************
data  :yzabcd
CHECKPOINT :420
PUSH :yzabcd :stream_idx :420
************
data  :za
CHECKPOINT :426
PUSH :za :stream_idx :426
************
data  :abcdefgh
CHECKPOINT :428
PUSH :abcdefgh :stream_idx :428
************
data  :bcdefghi
CHECKPOINT :436
PUSH :bcdefghi :stream_idx :436
************
data  :cdef
CHECKPOINT :444
PUSH :cdef :stream_idx :444
************
data  :defghij
CHECKPOINT :448
PUSH :defghij :stream_idx :448
************
data  :efghijk
CHECKPOINT :455
PUSH :efghijk :stream_idx :455
************
data  :fghijklm
CHECKPOINT :462
PUSH :fghijklm :stream_idx :462
************
data  :ghijklmn
CHECKPOINT :470
PUSH :ghijklmn :stream_idx :470
************
data  :hijklmnopq
CHECKPOINT :478
PUSH :hijklmnopq :stream_idx :478
************
data  :ijklmn
CHECKPOINT :488
PUSH :ijklmn :stream_idx :488
************
data  :jklmnopqr
CHECKPOINT :494
PUSH :jklmnopqr :stream_idx :494
************
data  :klmnopqrst
CHECKPOINT :503
PUSH :klmnopqrst :stream_idx :503
************
data  :lm
CHECKPOINT :513
PUSH :lm :stream_idx :513
************
data  :m
CHECKPOINT :515
PUSH :m :stream_idx :515
************
data  :nopqrst
CHECKPOINT :516
PUSH :nopqrst :stream_idx :516
************
data  :opqrst
CHECKPOINT :523
PUSH :opqrst :stream_idx :523
************
data  :pqr
CHECKPOINT :529
PUSH :pqr :stream_idx :529
************
data  :qrstuv
CHECKPOINT :532
PUSH :qrstuv :stream_idx :532
************
data  :rstuvwxyza
CHECKPOINT :538
PUSH :rstuvwxyza :stream_idx :538
************
data  :s
CHECKPOINT :548
PUSH :s :stream_idx :548
************
data  :tuvw
CHECKPOINT :549
PUSH :tuvw :stream_idx :549
************
data  :uvwxy
CHECKPOINT :553
PUSH :uvwxy :stream_idx :553
************
data  :v
CHECKPOINT :558
PUSH :v :stream_idx :558
************
<end of output>
Test time =   0.05 sec
----------------------------------------------------------
Test Passed.
"recv_transmit" end time: Oct 10 22:09 IST
"recv_transmit" time elapsed: 00:00:00
----------------------------------------------------------

12/23 Testing: recv_window
12/23 Test: recv_window
Command: "/home/raj/Downloads/assignment2/build/tests/recv_window"
Directory: /home/raj/Downloads/assignment2/build/tests
"recv_window" start time: Oct 10 22:09 IST
Output:
----------------------------------------------------------
data  :
CHECKPOINT :0
PUSH : :stream_idx :23452
************
data  :abcd
CHECKPOINT :0
PUSH :abcd :stream_idx :0
************
data  :ijkl
CHECKPOINT :4
PUSH :ijkl :stream_idx :8
************
data  :efgh
CHECKPOINT :4
PUSH :efgh :stream_idx :4
************
data  :
CHECKPOINT :0
PUSH : :stream_idx :23452
************
data  :abcd
CHECKPOINT :0
PUSH :abcd :stream_idx :0
************
data  :
CHECKPOINT :0
PUSH : :stream_idx :23452
************
data  :bc
CHECKPOINT :0
PUSH :bc :stream_idx :1
************
data  :a
CHECKPOINT :0
PUSH :a :stream_idx :0
************
data  :
CHECKPOINT :0
PUSH : :stream_idx :294058
************
data  :ab
CHECKPOINT :0
PUSH :ab :stream_idx :0
************
data  :abc
CHECKPOINT :2
PUSH :abc :stream_idx :0
************
data  :
CHECKPOINT :0
PUSH : :stream_idx :23452
************
data  :ab
CHECKPOINT :0
PUSH :ab :stream_idx :0
************
data  :cdef
CHECKPOINT :2
PUSH :cdef :stream_idx :2
************
data  :
CHECKPOINT :0
PUSH : :stream_idx :23452
************
data  :ab
CHECKPOINT :0
PUSH :ab :stream_idx :0
************
data  :cd
CHECKPOINT :2
PUSH :cd :stream_idx :2
************
data  :
CHECKPOINT :0
PUSH : :stream_idx :23452
************
data  :a
CHECKPOINT :0
PUSH :a :stream_idx :18446744073709551615
************
<end of output>
Test time =   0.00 sec
----------------------------------------------------------
Test Passed.
"recv_window" end time: Oct 10 22:09 IST
"recv_window" time elapsed: 00:00:00
----------------------------------------------------------

13/23 Testing: recv_reorder
13/23 Test: recv_reorder
Command: "/home/raj/Downloads/assignment2/build/tests/recv_reorder"
Directory: /home/raj/Downloads/assignment2/build/tests
"recv_reorder" start time: Oct 10 22:09 IST
Output:
----------------------------------------------------------
data  :
CHECKPOINT :0
PUSH : :stream_idx :4269315043
************
data  :abcd
CHECKPOINT :0
PUSH :abcd :stream_idx :9
************
data  :
CHECKPOINT :0
PUSH : :stream_idx :1618739538
************
data  :e
CHECKPOINT :0
PUSH :e :stream_idx :4
************
data  :g
CHECKPOINT :0
PUSH :g :stream_idx :6
************
data  :c
CHECKPOINT :0
PUSH :c :stream_idx :2
************
data  :ab
CHECKPOINT :0
PUSH :ab :stream_idx :0
************
data  :f
CHECKPOINT :3
PUSH :f :stream_idx :5
************
data  :d
CHECKPOINT :3
PUSH :d :stream_idx :3
************
<end of output>
Test time =   0.00 sec
----------------------------------------------------------
Test Passed.
"recv_reorder" end time: Oct 10 22:09 IST
"recv_reorder" time elapsed: 00:00:00
----------------------------------------------------------

14/23 Testing: recv_close
14/23 Test: recv_close
Command: "/home/raj/Downloads/assignment2/build/tests/recv_close"
Directory: /home/raj/Downloads/assignment2/build/tests
"recv_close" start time: Oct 10 22:09 IST
Output:
----------------------------------------------------------
data  :
CHECKPOINT :0
PUSH : :stream_idx :2607517062
************
data  :
CHECKPOINT :0
************
data  :
CHECKPOINT :0
PUSH : :stream_idx :513139959
************
data  :a
CHECKPOINT :0
************
<end of output>
Test time =   0.00 sec
----------------------------------------------------------
Test Passed.
"recv_close" end time: Oct 10 22:09 IST
"recv_close" time elapsed: 00:00:00
----------------------------------------------------------

15/23 Testing: recv_special
15/23 Test: recv_special
Command: "/home/raj/Downloads/assignment2/build/tests/recv_special"
Directory: /home/raj/Downloads/assignment2/build/tests
"recv_special" start time: Oct 10 22:09 IST
Output:
----------------------------------------------------------
<end of output>
Test time =   0.00 sec
----------------------------------------------------------
Test Passed.
"recv_special" end time: Oct 10 22:09 IST
"recv_special" time elapsed: 00:00:00
----------------------------------------------------------

16/23 Testing: fsm_stream_reassembler_cap
16/23 Test: fsm_stream_reassembler_cap
Command: "/home/raj/Downloads/assignment2/build/tests/fsm_stream_reassembler_cap"
Directory: /home/raj/Downloads/assignment2/build/tests
"fsm_stream_reassembler_cap" start time: Oct 10 22:09 IST
Output:
----------------------------------------------------------
<end of output>
Test time =   0.06 sec
----------------------------------------------------------
Test Passed.
"fsm_stream_reassembler_cap" end time: Oct 10 22:09 IST
"fsm_stream_reassembler_cap" time elapsed: 00:00:00
----------------------------------------------------------

17/23 Testing: fsm_stream_reassembler_single
17/23 Test: fsm_stream_reassembler_single
Command: "/home/raj/Downloads/assignment2/build/tests/fsm_stream_reassembler_single"
Directory: /home/raj/Downloads/assignment2/build/tests
"fsm_stream_reassembler_single" start time: Oct 10 22:09 IST
Output:
----------------------------------------------------------
PASS1
PASS2
PASSN
PASSPREV
PASSM
FINPASS
<end of output>
Test time =   0.00 sec
----------------------------------------------------------
Test Passed.
"fsm_stream_reassembler_single" end time: Oct 10 22:09 IST
"fsm_stream_reassembler_single" time elapsed: 00:00:00
----------------------------------------------------------

18/23 Testing: fsm_stream_reassembler_seq
18/23 Test: fsm_stream_reassembler_seq
Command: "/home/raj/Downloads/assignment2/build/tests/fsm_stream_reassembler_seq"
Directory: /home/raj/Downloads/assignment2/build/tests
"fsm_stream_reassembler_seq" start time: Oct 10 22:09 IST
Output:
----------------------------------------------------------
<end of output>
Test time =   0.00 sec
----------------------------------------------------------
Test Passed.
"fsm_stream_reassembler_seq" end time: Oct 10 22:09 IST
"fsm_stream_reassembler_seq" time elapsed: 00:00:00
----------------------------------------------------------

19/23 Testing: fsm_stream_reassembler_dup
19/23 Test: fsm_stream_reassembler_dup
Command: "/home/raj/Downloads/assignment2/build/tests/fsm_stream_reassembler_dup"
Directory: /home/raj/Downloads/assignment2/build/tests
"fsm_stream_reassembler_dup" start time: Oct 10 22:09 IST
Output:
----------------------------------------------------------
PASS
<end of output>
Test time =   0.00 sec
----------------------------------------------------------
Test Passed.
"fsm_stream_reassembler_dup" end time: Oct 10 22:09 IST
"fsm_stream_reassembler_dup" time elapsed: 00:00:00
----------------------------------------------------------

20/23 Testing: fsm_stream_reassembler_holes
20/23 Test: fsm_stream_reassembler_holes
Command: "/home/raj/Downloads/assignment2/build/tests/fsm_stream_reassembler_holes"
Directory: /home/raj/Downloads/assignment2/build/tests
"fsm_stream_reassembler_holes" start time: Oct 10 22:09 IST
Output:
----------------------------------------------------------
PASSPREV
PASS
<end of output>
Test time =   0.00 sec
----------------------------------------------------------
Test Passed.
"fsm_stream_reassembler_holes" end time: Oct 10 22:09 IST
"fsm_stream_reassembler_holes" time elapsed: 00:00:00
----------------------------------------------------------

21/23 Testing: fsm_stream_reassembler_many
21/23 Test: fsm_stream_reassembler_many
Command: "/home/raj/Downloads/assignment2/build/tests/fsm_stream_reassembler_many"
Directory: /home/raj/Downloads/assignment2/build/tests
"fsm_stream_reassembler_many" start time: Oct 10 22:09 IST
Output:
----------------------------------------------------------
<end of output>
Test time =   0.15 sec
----------------------------------------------------------
Test Passed.
"fsm_stream_reassembler_many" end time: Oct 10 22:09 IST
"fsm_stream_reassembler_many" time elapsed: 00:00:00
----------------------------------------------------------

22/23 Testing: fsm_stream_reassembler_overlapping
22/23 Test: fsm_stream_reassembler_overlapping
Command: "/home/raj/Downloads/assignment2/build/tests/fsm_stream_reassembler_overlapping"
Directory: /home/raj/Downloads/assignment2/build/tests
"fsm_stream_reassembler_overlapping" start time: Oct 10 22:09 IST
Output:
----------------------------------------------------------
<end of output>
Test time =   0.00 sec
----------------------------------------------------------
Test Passed.
"fsm_stream_reassembler_overlapping" end time: Oct 10 22:09 IST
"fsm_stream_reassembler_overlapping" time elapsed: 00:00:00
----------------------------------------------------------

23/23 Testing: fsm_stream_reassembler_win
23/23 Test: fsm_stream_reassembler_win
Command: "/home/raj/Downloads/assignment2/build/tests/fsm_stream_reassembler_win"
Directory: /home/raj/Downloads/assignment2/build/tests
"fsm_stream_reassembler_win" start time: Oct 10 22:09 IST
Output:
----------------------------------------------------------
<end of output>
Test time =   0.15 sec
----------------------------------------------------------
Test Passed.
"fsm_stream_reassembler_win" end time: Oct 10 22:09 IST
"fsm_stream_reassembler_win" time elapsed: 00:00:00
----------------------------------------------------------

End testing: Oct 10 22:09 IST
